Log file open, 06/06/19 15:41:34
LogWindows: Failed to load 'aqProf.dll' (GetLastError=126)
LogWindows: File 'aqProf.dll' does not exist
LogWindows: Failed to load 'VtuneApi.dll' (GetLastError=126)
LogWindows: File 'VtuneApi.dll' does not exist
LogWindows: Failed to load 'VtuneApi32e.dll' (GetLastError=126)
LogWindows: File 'VtuneApi32e.dll' does not exist
LogConsoleResponse: Display: Failed to find resolution value strings in scalability ini. Falling back to default.
LogInit: Display: Running engine for game: TheVillageHero
LogPakFile: Registered encryption key '00000000000000000000000000000000': 0 pak files mounted, 0 remain pending
LogPlatformFile: Not using cached read wrapper
LogTaskGraph: Started task graph with 5 named threads and 35 total threads with 3 sets of task threads.
LogStats: Stats thread started at 0.528606
LogD3D11RHI: Loaded GFSDK_Aftermath_Lib.x64.dll
LogICUInternationalization: ICU TimeZone Detection - Raw Offset: +12:00, Platform Override: ''
LogPluginManager: Mounting plugin Paper2D
LogPluginManager: Mounting plugin AISupport
LogPluginManager: Mounting plugin LightPropagationVolume
LogPluginManager: Mounting plugin ActorLayerUtilities
LogPluginManager: Mounting plugin CLionSourceCodeAccess
LogPluginManager: Mounting plugin CodeLiteSourceCodeAccess
LogPluginManager: Mounting plugin GitSourceControl
LogPluginManager: Mounting plugin KDevelopSourceCodeAccess
LogPluginManager: Mounting plugin NullSourceCodeAccess
LogPluginManager: Mounting plugin PerforceSourceControl
LogPluginManager: Mounting plugin SubversionSourceControl
LogPluginManager: Mounting plugin UObjectPlugin
LogPluginManager: Mounting plugin VisualStudioCodeSourceCodeAccess
LogPluginManager: Mounting plugin VisualStudioSourceCodeAccess
LogPluginManager: Mounting plugin XCodeSourceCodeAccess
LogPluginManager: Mounting plugin AssetManagerEditor
LogPluginManager: Mounting plugin CryptoKeys
LogPluginManager: Mounting plugin DataValidation
LogPluginManager: Mounting plugin FacialAnimation
LogPluginManager: Mounting plugin GameplayTagsEditor
LogPluginManager: Mounting plugin MacGraphicsSwitching
LogPluginManager: Mounting plugin MeshEditor
LogPluginManager: Mounting plugin MobileLauncherProfileWizard
LogPluginManager: Mounting plugin PluginBrowser
LogPluginManager: Mounting plugin SpeedTreeImporter
LogPluginManager: Mounting plugin DatasmithContent
LogPluginManager: Mounting plugin VariantManagerContent
LogPluginManager: Mounting plugin AlembicImporter
LogPluginManager: Mounting plugin AppleImageUtils
LogPluginManager: Mounting plugin AppleVision
LogPluginManager: Mounting plugin BackChannel
LogPluginManager: Mounting plugin CharacterAI
LogPluginManager: Mounting plugin GeometryCache
LogPluginManager: Mounting plugin HTML5Networking
LogPluginManager: Mounting plugin ProxyLODPlugin
LogPluginManager: Mounting plugin MagicLeap
LogPluginManager: Mounting plugin MagicLeapMedia
LogPluginManager: Mounting plugin AndroidMedia
LogPluginManager: Mounting plugin AvfMedia
LogPluginManager: Mounting plugin ImgMedia
LogPluginManager: Mounting plugin LinearTimecode
LogPluginManager: Mounting plugin MediaCompositing
LogPluginManager: Mounting plugin MediaPlayerEditor
LogPluginManager: Mounting plugin WebMMedia
LogPluginManager: Mounting plugin WmfMedia
LogPluginManager: Mounting plugin TcpMessaging
LogPluginManager: Mounting plugin UdpMessaging
LogPluginManager: Mounting plugin ActorSequence
LogPluginManager: Mounting plugin LevelSequenceEditor
LogPluginManager: Mounting plugin MatineeToLevelSequence
LogPluginManager: Mounting plugin NetcodeUnitTest
LogPluginManager: Mounting plugin NUTUnrealEngine4
LogPluginManager: Mounting plugin OnlineSubsystemGooglePlay
LogPluginManager: Mounting plugin OnlineSubsystemIOS
LogPluginManager: Mounting plugin OnlineSubsystem
LogPluginManager: Mounting plugin OnlineSubsystemNull
LogPluginManager: Mounting plugin OnlineSubsystemUtils
LogPluginManager: Mounting plugin LauncherChunkInstaller
LogPluginManager: Mounting plugin AndroidDeviceProfileSelector
LogPluginManager: Mounting plugin AndroidMoviePlayer
LogPluginManager: Mounting plugin AndroidPermission
LogPluginManager: Mounting plugin AppleMoviePlayer
LogPluginManager: Mounting plugin ArchVisCharacter
LogPluginManager: Mounting plugin AudioCapture
LogPluginManager: Mounting plugin CableComponent
LogPluginManager: Mounting plugin CustomMeshComponent
LogPluginManager: Mounting plugin EditableMesh
LogPluginManager: Mounting plugin ExampleDeviceProfileSelector
LogPluginManager: Mounting plugin Firebase
LogPluginManager: Mounting plugin GoogleCloudMessaging
LogPluginManager: Mounting plugin IOSDeviceProfileSelector
LogPluginManager: Mounting plugin LinuxDeviceProfileSelector
LogPluginManager: Mounting plugin LocationServicesBPLibrary
LogPluginManager: Mounting plugin MobilePatchingUtils
LogPluginManager: Mounting plugin OculusVR
LogPluginManager: Mounting plugin PhysXVehicles
LogPluginManager: Mounting plugin ProceduralMeshComponent
LogPluginManager: Mounting plugin RuntimePhysXCooking
LogPluginManager: Mounting plugin SteamVR
LogPluginManager: Mounting plugin WebMMoviePlayer
LogPluginManager: Mounting plugin WindowsMoviePlayer
LogStreaming: Display: Took  1.281s to configure plugins.
LogInit: Using libcurl 7.55.1-DEV
LogInit:  - built for x86_64-pc-win32
LogInit:  - supports SSL with OpenSSL/1.0.2h
LogInit:  - supports HTTP deflate (compression) using libz 1.2.8
LogInit:  - other features:
LogInit:      CURL_VERSION_SSL
LogInit:      CURL_VERSION_LIBZ
LogInit:      CURL_VERSION_IPV6
LogInit:      CURL_VERSION_ASYNCHDNS
LogInit:      CURL_VERSION_LARGEFILE
LogInit:      CURL_VERSION_IDN
LogInit:  CurlRequestOptions (configurable via config and command line):
LogInit:  - bVerifyPeer = true  - Libcurl will verify peer certificate
LogInit:  - bUseHttpProxy = false  - Libcurl will NOT use HTTP proxy
LogInit:  - bDontReuseConnections = false  - Libcurl will reuse connections
LogInit:  - MaxHostConnections = 16  - Libcurl will limit the number of connections to a host
LogInit:  - LocalHostAddr = Default
LogInit:  - BufferSize = 65536
LogInit: WinSock: version 1.1 (2.2), MaxSocks=32767, MaxUdp=65467
LogInit: Build: ++UE4+Release-4.21-CL-4753647
LogInit: Engine Version: 4.21.2-4753647+++UE4+Release-4.21
LogInit: Compatible Engine Version: 4.21.0-4541578+++UE4+Release-4.21
LogInit: Net CL: 4541578
LogInit: OS: Windows 10 (), CPU: Intel(R) Core(TM) i7-8750H CPU @ 2.20GHz, GPU: Intel(R) UHD Graphics 630
LogInit: Compiled (64-bit): Jan 19 2019 02:07:31
LogInit: Compiled with Visual C++: 19.13.26129.00
LogInit: Build Configuration: Development
LogInit: Branch Name: ++UE4+Release-4.21
LogInit: Command Line: 
LogInit: Base Directory: C:/Program Files/Epic Games/UE_4.21/Engine/Binaries/Win64/
LogInit: Installed Engine Build: 1
LogDevObjectVersion: Number of dev versions registered: 22
LogDevObjectVersion:   Dev-Blueprints (B0D832E4-1F89-4F0D-ACCF-7EB736FD4AA2): 10
LogDevObjectVersion:   Dev-Build (E1C64328-A22C-4D53-A36C-8E866417BD8C): 0
LogDevObjectVersion:   Dev-Core (375EC13C-06E4-48FB-B500-84F0262A717E): 2
LogDevObjectVersion:   Dev-Editor (E4B068ED-F494-42E9-A231-DA0B2E46BB41): 26
LogDevObjectVersion:   Dev-Framework (CFFC743F-43B0-4480-9391-14DF171D2073): 34
LogDevObjectVersion:   Dev-Mobile (B02B49B5-BB20-44E9-A304-32B752E40360): 2
LogDevObjectVersion:   Dev-Networking (A4E4105C-59A1-49B5-A7C5-40C4547EDFEE): 0
LogDevObjectVersion:   Dev-Online (39C831C9-5AE6-47DC-9A44-9C173E1C8E7C): 0
LogDevObjectVersion:   Dev-Physics (78F01B33-EBEA-4F98-B9B4-84EACCB95AA2): 0
LogDevObjectVersion:   Dev-Platform (6631380F-2D4D-43E0-8009-CF276956A95A): 0
LogDevObjectVersion:   Dev-Rendering (12F88B9F-8875-4AFC-A67C-D90C383ABD29): 27
LogDevObjectVersion:   Dev-Sequencer (7B5AE74C-D270-4C10-A958-57980B212A5A): 9
LogDevObjectVersion:   Dev-VR (D7296918-1DD6-4BDD-9DE2-64A83CC13884): 2
LogDevObjectVersion:   Dev-LoadTimes (C2A15278-BFE7-4AFE-6C17-90FF531DF755): 1
LogDevObjectVersion:   Private-Geometry (6EACA3D4-40EC-4CC1-B786-8BED09428FC5): 3
LogDevObjectVersion:   Dev-AnimPhys (29E575DD-E0A3-4627-9D10-D276232CDCEA): 17
LogDevObjectVersion:   Dev-Anim (AF43A65D-7FD3-4947-9873-3E8ED9C1BB05): 2
LogDevObjectVersion:   Dev-ReflectionCapture (6B266CEC-1EC7-4B8F-A30B-E4D90942FC07): 1
LogDevObjectVersion:   Dev-Automation (0DF73D61-A23F-47EA-B727-89E90C41499A): 1
LogDevObjectVersion:   FortniteMain (601D1886-AC64-4F84-AA16-D3DE0DEAC7D6): 17
LogDevObjectVersion:   Dev-Enterprise (9DFFBCD6-494F-0158-E221-12823C92A888): 4
LogDevObjectVersion:   Dev-Niagara (F2AED0AC-9AFE-416F-8664-AA7FFA26D6FC): 1
LogStreaming: Display: Took  0.005s to delete old logs.
LogInit: Presizing for max 8388607 objects, including 0 objects not considered by GC, pre-allocating 0 bytes for permanent pool.
LogInit: Object subsystem initialized
LogConfig: Setting CVar [[con.DebugEarlyDefault:1]]
LogConfig: Setting CVar [[r.setres:1280x720]]
[2019.06.06-03.41.35:848][  0]LogConfig: Setting CVar [[r.VSync:0]]
[2019.06.06-03.41.35:848][  0]LogConfig: Setting CVar [[r.RHICmdBypass:0]]
[2019.06.06-03.41.35:848][  0]LogConfig: Applying CVar settings from Section [/Script/Engine.RendererSettings] File [E:/Pc/GameDevelopment/TheVillageHero/Saved/Config/Windows/Engine.ini]
[2019.06.06-03.41.35:848][  0]LogConfig: Setting CVar [[r.GPUCrashDebugging:0]]
[2019.06.06-03.41.35:848][  0]LogConfig: Applying CVar settings from Section [/Script/Engine.RendererOverrideSettings] File [E:/Pc/GameDevelopment/TheVillageHero/Saved/Config/Windows/Engine.ini]
[2019.06.06-03.41.35:848][  0]LogConfig: Applying CVar settings from Section [/Script/Engine.StreamingSettings] File [E:/Pc/GameDevelopment/TheVillageHero/Saved/Config/Windows/Engine.ini]
[2019.06.06-03.41.35:848][  0]LogConfig: Setting CVar [[s.MinBulkDataSizeForAsyncLoading:131072]]
[2019.06.06-03.41.35:848][  0]LogConfig: Setting CVar [[s.AsyncLoadingThreadEnabled:0]]
[2019.06.06-03.41.35:848][  0]LogConfig: Setting CVar [[s.EventDrivenLoaderEnabled:1]]
[2019.06.06-03.41.35:848][  0]LogConfig: Setting CVar [[s.WarnIfTimeLimitExceeded:0]]
[2019.06.06-03.41.35:848][  0]LogConfig: Setting CVar [[s.TimeLimitExceededMultiplier:1.5]]
[2019.06.06-03.41.35:848][  0]LogConfig: Setting CVar [[s.TimeLimitExceededMinTime:0.005]]
[2019.06.06-03.41.35:848][  0]LogConfig: Setting CVar [[s.UseBackgroundLevelStreaming:1]]
[2019.06.06-03.41.35:848][  0]LogConfig: Setting CVar [[s.PriorityAsyncLoadingExtraTime:15.0]]
[2019.06.06-03.41.35:848][  0]LogConfig: Setting CVar [[s.LevelStreamingActorsUpdateTimeLimit:5.0]]
[2019.06.06-03.41.35:848][  0]LogConfig: Setting CVar [[s.PriorityLevelStreamingActorsUpdateExtraTime:5.0]]
[2019.06.06-03.41.35:848][  0]LogConfig: Setting CVar [[s.LevelStreamingComponentsRegistrationGranularity:10]]
[2019.06.06-03.41.35:848][  0]LogConfig: Setting CVar [[s.UnregisterComponentsTimeLimit:1.0]]
[2019.06.06-03.41.35:848][  0]LogConfig: Setting CVar [[s.LevelStreamingComponentsUnregistrationGranularity:5]]
[2019.06.06-03.41.35:848][  0]LogConfig: Applying CVar settings from Section [/Script/Engine.GarbageCollectionSettings] File [E:/Pc/GameDevelopment/TheVillageHero/Saved/Config/Windows/Engine.ini]
[2019.06.06-03.41.35:848][  0]LogConfig: Setting CVar [[gc.MaxObjectsNotConsideredByGC:1]]
[2019.06.06-03.41.35:848][  0]LogConfig: Setting CVar [[gc.SizeOfPermanentObjectPool:0]]
[2019.06.06-03.41.35:848][  0]LogConfig: Setting CVar [[gc.FlushStreamingOnGC:0]]
[2019.06.06-03.41.35:848][  0]LogConfig: Setting CVar [[gc.NumRetriesBeforeForcingGC:10]]
[2019.06.06-03.41.35:848][  0]LogConfig: Setting CVar [[gc.AllowParallelGC:1]]
[2019.06.06-03.41.35:848][  0]LogConfig: Setting CVar [[gc.TimeBetweenPurgingPendingKillObjects:61.1]]
[2019.06.06-03.41.35:849][  0]LogConfig: Setting CVar [[gc.MaxObjectsInEditor:8388607]]
[2019.06.06-03.41.35:849][  0]LogConfig: Setting CVar [[gc.IncrementalBeginDestroyEnabled:1]]
[2019.06.06-03.41.35:849][  0]LogConfig: Setting CVar [[gc.CreateGCClusters:1]]
[2019.06.06-03.41.35:849][  0]LogConfig: Setting CVar [[gc.MergeGCClusters:0]]
[2019.06.06-03.41.35:849][  0]LogConfig: Setting CVar [[gc.MinGCClusterSize:5]]
[2019.06.06-03.41.35:849][  0]LogConfig: Setting CVar [[gc.ActorClusteringEnabled:0]]
[2019.06.06-03.41.35:849][  0]LogConfig: Setting CVar [[gc.BlueprintClusteringEnabled:0]]
[2019.06.06-03.41.35:849][  0]LogConfig: Setting CVar [[gc.UseDisregardForGCOnDedicatedServers:0]]
[2019.06.06-03.41.35:849][  0]LogConfig: Applying CVar settings from Section [/Script/Engine.NetworkSettings] File [E:/Pc/GameDevelopment/TheVillageHero/Saved/Config/Windows/Engine.ini]
[2019.06.06-03.41.35:849][  0]LogConfig: Applying CVar settings from Section [/Script/UnrealEd.CookerSettings] File [E:/Pc/GameDevelopment/TheVillageHero/Saved/Config/Windows/Engine.ini]
[2019.06.06-03.41.35:859][  0]LogConfig: Applying CVar settings from Section [ViewDistanceQuality@3] File [E:/Pc/GameDevelopment/TheVillageHero/Saved/Config/Windows/Scalability.ini]
[2019.06.06-03.41.35:859][  0]LogConfig: Setting CVar [[r.SkeletalMeshLODBias:0]]
[2019.06.06-03.41.35:859][  0]LogConfig: Setting CVar [[r.ViewDistanceScale:1.0]]
[2019.06.06-03.41.35:859][  0]LogConfig: Applying CVar settings from Section [AntiAliasingQuality@3] File [E:/Pc/GameDevelopment/TheVillageHero/Saved/Config/Windows/Scalability.ini]
[2019.06.06-03.41.35:859][  0]LogConfig: Setting CVar [[r.PostProcessAAQuality:4]]
[2019.06.06-03.41.35:860][  0]LogConfig: Applying CVar settings from Section [ShadowQuality@3] File [E:/Pc/GameDevelopment/TheVillageHero/Saved/Config/Windows/Scalability.ini]
[2019.06.06-03.41.35:860][  0]LogConfig: Setting CVar [[r.LightFunctionQuality:1]]
[2019.06.06-03.41.35:860][  0]LogConfig: Setting CVar [[r.ShadowQuality:5]]
[2019.06.06-03.41.35:860][  0]LogConfig: Setting CVar [[r.Shadow.CSM.MaxCascades:10]]
[2019.06.06-03.41.35:860][  0]LogConfig: Setting CVar [[r.Shadow.MaxResolution:2048]]
[2019.06.06-03.41.35:860][  0]LogConfig: Setting CVar [[r.Shadow.MaxCSMResolution:2048]]
[2019.06.06-03.41.35:860][  0]LogConfig: Setting CVar [[r.Shadow.RadiusThreshold:0.01]]
[2019.06.06-03.41.35:860][  0]LogConfig: Setting CVar [[r.Shadow.DistanceScale:1.0]]
[2019.06.06-03.41.35:860][  0]LogConfig: Setting CVar [[r.Shadow.CSM.TransitionScale:1.0]]
[2019.06.06-03.41.35:860][  0]LogConfig: Setting CVar [[r.Shadow.PreShadowResolutionFactor:1.0]]
[2019.06.06-03.41.35:860][  0]LogConfig: Setting CVar [[r.DistanceFieldShadowing:1]]
[2019.06.06-03.41.35:860][  0]LogConfig: Setting CVar [[r.DistanceFieldAO:1]]
[2019.06.06-03.41.35:860][  0]LogConfig: Setting CVar [[r.AOQuality:2]]
[2019.06.06-03.41.35:860][  0]LogConfig: Setting CVar [[r.VolumetricFog:1]]
[2019.06.06-03.41.35:860][  0]LogConfig: Setting CVar [[r.VolumetricFog.GridPixelSize:8]]
[2019.06.06-03.41.35:860][  0]LogConfig: Setting CVar [[r.VolumetricFog.GridSizeZ:128]]
[2019.06.06-03.41.35:860][  0]LogConfig: Setting CVar [[r.VolumetricFog.HistoryMissSupersampleCount:4]]
[2019.06.06-03.41.35:860][  0]LogConfig: Setting CVar [[r.LightMaxDrawDistanceScale:1]]
[2019.06.06-03.41.35:860][  0]LogConfig: Setting CVar [[r.CapsuleShadows:1]]
[2019.06.06-03.41.35:860][  0]LogConfig: Applying CVar settings from Section [PostProcessQuality@3] File [E:/Pc/GameDevelopment/TheVillageHero/Saved/Config/Windows/Scalability.ini]
[2019.06.06-03.41.35:860][  0]LogConfig: Setting CVar [[r.MotionBlurQuality:4]]
[2019.06.06-03.41.35:860][  0]LogConfig: Setting CVar [[r.AmbientOcclusionMipLevelFactor:0.4]]
[2019.06.06-03.41.35:860][  0]LogConfig: Setting CVar [[r.AmbientOcclusionMaxQuality:100]]
[2019.06.06-03.41.35:860][  0]LogConfig: Setting CVar [[r.AmbientOcclusionLevels:-1]]
[2019.06.06-03.41.35:860][  0]LogConfig: Setting CVar [[r.AmbientOcclusionRadiusScale:1.0]]
[2019.06.06-03.41.35:860][  0]LogConfig: Setting CVar [[r.DepthOfFieldQuality:2]]
[2019.06.06-03.41.35:860][  0]LogConfig: Setting CVar [[r.RenderTargetPoolMin:400]]
[2019.06.06-03.41.35:860][  0]LogConfig: Setting CVar [[r.LensFlareQuality:2]]
[2019.06.06-03.41.35:860][  0]LogConfig: Setting CVar [[r.SceneColorFringeQuality:1]]
[2019.06.06-03.41.35:860][  0]LogConfig: Setting CVar [[r.EyeAdaptationQuality:2]]
[2019.06.06-03.41.35:860][  0]LogConfig: Setting CVar [[r.BloomQuality:5]]
[2019.06.06-03.41.35:860][  0]LogConfig: Setting CVar [[r.FastBlurThreshold:100]]
[2019.06.06-03.41.35:860][  0]LogConfig: Setting CVar [[r.Upscale.Quality:3]]
[2019.06.06-03.41.35:860][  0]LogConfig: Setting CVar [[r.Tonemapper.GrainQuantization:1]]
[2019.06.06-03.41.35:861][  0]LogConfig: Setting CVar [[r.LightShaftQuality:1]]
[2019.06.06-03.41.35:861][  0]LogConfig: Setting CVar [[r.Filter.SizeScale:1]]
[2019.06.06-03.41.35:861][  0]LogConfig: Setting CVar [[r.Tonemapper.Quality:5]]
[2019.06.06-03.41.35:861][  0]LogConfig: Setting CVar [[r.DOF.Gather.AccumulatorQuality:1        ; higher gathering accumulator quality]]
[2019.06.06-03.41.35:861][  0]LogConfig: Setting CVar [[r.DOF.Gather.PostfilterMethod:1          ; Median3x3 postfilering method]]
[2019.06.06-03.41.35:861][  0]LogConfig: Setting CVar [[r.DOF.Gather.EnableBokehSettings:0       ; no bokeh simulation when gathering]]
[2019.06.06-03.41.35:861][  0]LogConfig: Setting CVar [[r.DOF.Gather.RingCount:4                 ; medium number of samples when gathering]]
[2019.06.06-03.41.35:861][  0]LogConfig: Setting CVar [[r.DOF.Scatter.ForegroundCompositing:1    ; additive foreground scattering]]
[2019.06.06-03.41.35:861][  0]LogConfig: Setting CVar [[r.DOF.Scatter.BackgroundCompositing:2    ; additive background scattering]]
[2019.06.06-03.41.35:861][  0]LogConfig: Setting CVar [[r.DOF.Scatter.EnableBokehSettings:1      ; bokeh simulation when scattering]]
[2019.06.06-03.41.35:861][  0]LogConfig: Setting CVar [[r.DOF.Scatter.MaxSpriteRatio:0.1         ; only a maximum of 10% of scattered bokeh]]
[2019.06.06-03.41.35:861][  0]LogConfig: Setting CVar [[r.DOF.Recombine.Quality:1                ; cheap slight out of focus]]
[2019.06.06-03.41.35:861][  0]LogConfig: Setting CVar [[r.DOF.Recombine.EnableBokehSettings:0    ; no bokeh simulation on slight out of focus]]
[2019.06.06-03.41.35:861][  0]LogConfig: Setting CVar [[r.DOF.TemporalAAQuality:1                ; more stable temporal accumulation]]
[2019.06.06-03.41.35:861][  0]LogConfig: Setting CVar [[r.DOF.Kernel.MaxForegroundRadius:0.025]]
[2019.06.06-03.41.35:861][  0]LogConfig: Setting CVar [[r.DOF.Kernel.MaxBackgroundRadius:0.025]]
[2019.06.06-03.41.35:861][  0]LogConfig: Applying CVar settings from Section [TextureQuality@3] File [E:/Pc/GameDevelopment/TheVillageHero/Saved/Config/Windows/Scalability.ini]
[2019.06.06-03.41.35:861][  0]LogConfig: Setting CVar [[r.Streaming.MipBias:0]]
[2019.06.06-03.41.35:861][  0]LogConfig: Setting CVar [[r.Streaming.AmortizeCPUToGPUCopy:0]]
[2019.06.06-03.41.35:861][  0]LogConfig: Setting CVar [[r.Streaming.MaxNumTexturesToStreamPerFrame:0]]
[2019.06.06-03.41.35:861][  0]LogConfig: Setting CVar [[r.Streaming.Boost:1]]
[2019.06.06-03.41.35:861][  0]LogConfig: Setting CVar [[r.MaxAnisotropy:8]]
[2019.06.06-03.41.35:861][  0]LogConfig: Setting CVar [[r.Streaming.LimitPoolSizeToVRAM:0]]
[2019.06.06-03.41.35:861][  0]LogConfig: Setting CVar [[r.Streaming.PoolSize:1000]]
[2019.06.06-03.41.35:861][  0]LogConfig: Setting CVar [[r.Streaming.MaxEffectiveScreenSize:0]]
[2019.06.06-03.41.35:861][  0]LogConfig: Applying CVar settings from Section [EffectsQuality@3] File [E:/Pc/GameDevelopment/TheVillageHero/Saved/Config/Windows/Scalability.ini]
[2019.06.06-03.41.35:861][  0]LogConfig: Setting CVar [[r.TranslucencyLightingVolumeDim:64]]
[2019.06.06-03.41.35:861][  0]LogConfig: Setting CVar [[r.RefractionQuality:2]]
[2019.06.06-03.41.35:861][  0]LogConfig: Setting CVar [[r.SSR.Quality:3]]
[2019.06.06-03.41.35:861][  0]LogConfig: Setting CVar [[r.SceneColorFormat:4]]
[2019.06.06-03.41.35:861][  0]LogConfig: Setting CVar [[r.DetailMode:2]]
[2019.06.06-03.41.35:861][  0]LogConfig: Setting CVar [[r.TranslucencyVolumeBlur:1]]
[2019.06.06-03.41.35:861][  0]LogConfig: Setting CVar [[r.MaterialQualityLevel:1 ; High quality]]
[2019.06.06-03.41.35:862][  0]LogConfig: Setting CVar [[r.SSS.Scale:1]]
[2019.06.06-03.41.35:862][  0]LogConfig: Setting CVar [[r.SSS.SampleSet:2]]
[2019.06.06-03.41.35:862][  0]LogConfig: Setting CVar [[r.SSS.Quality:1]]
[2019.06.06-03.41.35:862][  0]LogConfig: Setting CVar [[r.SSS.HalfRes:1]]
[2019.06.06-03.41.35:862][  0]LogConfig: Setting CVar [[r.EmitterSpawnRateScale:1.0]]
[2019.06.06-03.41.35:862][  0]LogConfig: Setting CVar [[r.ParticleLightQuality:2]]
[2019.06.06-03.41.35:862][  0]LogConfig: Applying CVar settings from Section [FoliageQuality@3] File [E:/Pc/GameDevelopment/TheVillageHero/Saved/Config/Windows/Scalability.ini]
[2019.06.06-03.41.35:862][  0]LogConfig: Setting CVar [[foliage.DensityScale:1.0]]
[2019.06.06-03.41.35:862][  0]LogConfig: Setting CVar [[grass.DensityScale:1.0]]
[2019.06.06-03.41.35:862][  0]LogInit: Selected Device Profile: [Windows]
[2019.06.06-03.41.35:862][  0]LogInit: Applying CVar settings loaded from the selected device profile: [Windows]
[2019.06.06-03.41.35:947][  0]LogHAL: Display: Platform has ~ 16 GB [17014509568 / 17179869184 / 16], which maps to Larger [LargestMinGB=32, LargerMinGB=12, DefaultMinGB=8, SmallerMinGB=6, SmallestMinGB=0)
[2019.06.06-03.41.35:947][  0]LogConfig: Setting CVar [[r.Vulkan.UseRealUBs:1]]
[2019.06.06-03.41.35:947][  0]LogInit: Going up to parent DeviceProfile []
[2019.06.06-03.41.35:947][  0]LogConfig: Applying CVar settings from Section [ViewDistanceQuality@Cine] File [E:/Pc/GameDevelopment/TheVillageHero/Saved/Config/Windows/Scalability.ini]
[2019.06.06-03.41.35:947][  0]LogConfig: Setting CVar [[r.SkeletalMeshLODBias:0]]
[2019.06.06-03.41.35:947][  0]LogConfig: Setting CVar [[r.ViewDistanceScale:10.0]]
[2019.06.06-03.41.35:947][  0]LogConfig: Applying CVar settings from Section [AntiAliasingQuality@Cine] File [E:/Pc/GameDevelopment/TheVillageHero/Saved/Config/Windows/Scalability.ini]
[2019.06.06-03.41.35:947][  0]LogConfig: Setting CVar [[r.PostProcessAAQuality:6]]
[2019.06.06-03.41.35:947][  0]LogConfig: Applying CVar settings from Section [ShadowQuality@Cine] File [E:/Pc/GameDevelopment/TheVillageHero/Saved/Config/Windows/Scalability.ini]
[2019.06.06-03.41.35:947][  0]LogConfig: Setting CVar [[r.LightFunctionQuality:1]]
[2019.06.06-03.41.35:947][  0]LogConfig: Setting CVar [[r.ShadowQuality:5]]
[2019.06.06-03.41.35:947][  0]LogConfig: Setting CVar [[r.Shadow.CSM.MaxCascades:10]]
[2019.06.06-03.41.35:947][  0]LogConfig: Setting CVar [[r.Shadow.MaxResolution:4096]]
[2019.06.06-03.41.35:947][  0]LogConfig: Setting CVar [[r.Shadow.MaxCSMResolution:4096]]
[2019.06.06-03.41.35:947][  0]LogConfig: Setting CVar [[r.Shadow.RadiusThreshold:0]]
[2019.06.06-03.41.35:947][  0]LogConfig: Setting CVar [[r.Shadow.DistanceScale:1.0]]
[2019.06.06-03.41.35:948][  0]LogConfig: Setting CVar [[r.Shadow.CSM.TransitionScale:1.0]]
[2019.06.06-03.41.35:948][  0]LogConfig: Setting CVar [[r.Shadow.PreShadowResolutionFactor:1.0]]
[2019.06.06-03.41.35:948][  0]LogConfig: Setting CVar [[r.DistanceFieldShadowing:1]]
[2019.06.06-03.41.35:948][  0]LogConfig: Setting CVar [[r.DistanceFieldAO:1]]
[2019.06.06-03.41.35:948][  0]LogConfig: Setting CVar [[r.AOQuality:2]]
[2019.06.06-03.41.35:948][  0]LogConfig: Setting CVar [[r.VolumetricFog:1]]
[2019.06.06-03.41.35:948][  0]LogConfig: Setting CVar [[r.VolumetricFog.GridPixelSize:4]]
[2019.06.06-03.41.35:948][  0]LogConfig: Setting CVar [[r.VolumetricFog.GridSizeZ:128]]
[2019.06.06-03.41.35:948][  0]LogConfig: Setting CVar [[r.VolumetricFog.HistoryMissSupersampleCount:16]]
[2019.06.06-03.41.35:948][  0]LogConfig: Setting CVar [[r.LightMaxDrawDistanceScale:1]]
[2019.06.06-03.41.35:948][  0]LogConfig: Setting CVar [[r.CapsuleShadows:1]]
[2019.06.06-03.41.35:948][  0]LogConfig: Applying CVar settings from Section [PostProcessQuality@Cine] File [E:/Pc/GameDevelopment/TheVillageHero/Saved/Config/Windows/Scalability.ini]
[2019.06.06-03.41.35:948][  0]LogConfig: Setting CVar [[r.MotionBlurQuality:4]]
[2019.06.06-03.41.35:948][  0]LogConfig: Setting CVar [[r.AmbientOcclusionMipLevelFactor:0.4]]
[2019.06.06-03.41.35:948][  0]LogConfig: Setting CVar [[r.AmbientOcclusionMaxQuality:100]]
[2019.06.06-03.41.35:948][  0]LogConfig: Setting CVar [[r.AmbientOcclusionLevels:-1]]
[2019.06.06-03.41.35:948][  0]LogConfig: Setting CVar [[r.AmbientOcclusionRadiusScale:1.0]]
[2019.06.06-03.41.35:948][  0]LogConfig: Setting CVar [[r.DepthOfFieldQuality:4]]
[2019.06.06-03.41.35:948][  0]LogConfig: Setting CVar [[r.RenderTargetPoolMin:1000]]
[2019.06.06-03.41.35:948][  0]LogConfig: Setting CVar [[r.LensFlareQuality:3]]
[2019.06.06-03.41.35:948][  0]LogConfig: Setting CVar [[r.SceneColorFringeQuality:1]]
[2019.06.06-03.41.35:948][  0]LogConfig: Setting CVar [[r.EyeAdaptationQuality:2]]
[2019.06.06-03.41.35:948][  0]LogConfig: Setting CVar [[r.BloomQuality:5]]
[2019.06.06-03.41.35:948][  0]LogConfig: Setting CVar [[r.FastBlurThreshold:100]]
[2019.06.06-03.41.35:948][  0]LogConfig: Setting CVar [[r.Upscale.Quality:3]]
[2019.06.06-03.41.35:948][  0]LogConfig: Setting CVar [[r.Tonemapper.GrainQuantization:1]]
[2019.06.06-03.41.35:948][  0]LogConfig: Setting CVar [[r.LightShaftQuality:1]]
[2019.06.06-03.41.35:948][  0]LogConfig: Setting CVar [[r.Filter.SizeScale:1]]
[2019.06.06-03.41.35:948][  0]LogConfig: Setting CVar [[r.Tonemapper.Quality:5]]
[2019.06.06-03.41.35:948][  0]LogConfig: Setting CVar [[r.DOF.Gather.AccumulatorQuality:1        ; higher gathering accumulator quality]]
[2019.06.06-03.41.35:948][  0]LogConfig: Setting CVar [[r.DOF.Gather.PostfilterMethod:1          ; Median3x3 postfilering method]]
[2019.06.06-03.41.35:948][  0]LogConfig: Setting CVar [[r.DOF.Gather.EnableBokehSettings:1       ; bokeh simulation when gathering]]
[2019.06.06-03.41.35:948][  0]LogConfig: Setting CVar [[r.DOF.Gather.RingCount:5                 ; high number of samples when gathering]]
[2019.06.06-03.41.35:948][  0]LogConfig: Setting CVar [[r.DOF.Scatter.ForegroundCompositing:1    ; additive foreground scattering]]
[2019.06.06-03.41.35:948][  0]LogConfig: Setting CVar [[r.DOF.Scatter.BackgroundCompositing:2    ; background scattering occlusion]]
[2019.06.06-03.41.35:948][  0]LogConfig: Setting CVar [[r.DOF.Scatter.EnableBokehSettings:1      ; no bokeh simulation when scattering]]
[2019.06.06-03.41.35:948][  0]LogConfig: Setting CVar [[r.DOF.Scatter.MaxSpriteRatio:0.1         ; only a maximum of 10% of scattered bokeh]]
[2019.06.06-03.41.35:948][  0]LogConfig: Setting CVar [[r.DOF.Recombine.Quality:2                ; highest slight out of focus]]
[2019.06.06-03.41.35:948][  0]LogConfig: Setting CVar [[r.DOF.Recombine.EnableBokehSettings:1    ; bokeh simulation on slight out of focus]]
[2019.06.06-03.41.35:948][  0]LogConfig: Setting CVar [[r.DOF.TemporalAAQuality:1                ; more stable temporal accumulation]]
[2019.06.06-03.41.35:948][  0]LogConfig: Setting CVar [[r.DOF.Kernel.MaxForegroundRadius:0.025]]
[2019.06.06-03.41.35:948][  0]LogConfig: Setting CVar [[r.DOF.Kernel.MaxBackgroundRadius:0.025]]
[2019.06.06-03.41.35:948][  0]LogConfig: Applying CVar settings from Section [TextureQuality@Cine] File [E:/Pc/GameDevelopment/TheVillageHero/Saved/Config/Windows/Scalability.ini]
[2019.06.06-03.41.35:948][  0]LogConfig: Setting CVar [[r.Streaming.MipBias:0]]
[2019.06.06-03.41.35:948][  0]LogConfig: Setting CVar [[r.Streaming.AmortizeCPUToGPUCopy:0]]
[2019.06.06-03.41.35:949][  0]LogConfig: Setting CVar [[r.Streaming.MaxNumTexturesToStreamPerFrame:0]]
[2019.06.06-03.41.35:949][  0]LogConfig: Setting CVar [[r.Streaming.Boost:1]]
[2019.06.06-03.41.35:949][  0]LogConfig: Setting CVar [[r.MaxAnisotropy:8]]
[2019.06.06-03.41.35:949][  0]LogConfig: Setting CVar [[r.Streaming.LimitPoolSizeToVRAM:0]]
[2019.06.06-03.41.35:949][  0]LogConfig: Setting CVar [[r.Streaming.PoolSize:3000]]
[2019.06.06-03.41.35:949][  0]LogConfig: Setting CVar [[r.Streaming.MaxEffectiveScreenSize:0]]
[2019.06.06-03.41.35:949][  0]LogConfig: Applying CVar settings from Section [EffectsQuality@Cine] File [E:/Pc/GameDevelopment/TheVillageHero/Saved/Config/Windows/Scalability.ini]
[2019.06.06-03.41.35:949][  0]LogConfig: Setting CVar [[r.TranslucencyLightingVolumeDim:64]]
[2019.06.06-03.41.35:949][  0]LogConfig: Setting CVar [[r.RefractionQuality:2]]
[2019.06.06-03.41.35:949][  0]LogConfig: Setting CVar [[r.SSR.Quality:4]]
[2019.06.06-03.41.35:949][  0]LogConfig: Setting CVar [[r.SceneColorFormat:4]]
[2019.06.06-03.41.35:949][  0]LogConfig: Setting CVar [[r.DetailMode:2]]
[2019.06.06-03.41.35:949][  0]LogConfig: Setting CVar [[r.TranslucencyVolumeBlur:1]]
[2019.06.06-03.41.35:949][  0]LogConfig: Setting CVar [[r.MaterialQualityLevel:1 ; High quality]]
[2019.06.06-03.41.35:949][  0]LogConfig: Setting CVar [[r.SSS.Scale:1]]
[2019.06.06-03.41.35:949][  0]LogConfig: Setting CVar [[r.SSS.SampleSet:2]]
[2019.06.06-03.41.35:949][  0]LogConfig: Setting CVar [[r.SSS.Quality:1]]
[2019.06.06-03.41.35:949][  0]LogConfig: Setting CVar [[r.SSS.HalfRes:0]]
[2019.06.06-03.41.35:949][  0]LogConfig: Setting CVar [[r.EmitterSpawnRateScale:1.0]]
[2019.06.06-03.41.35:949][  0]LogConfig: Setting CVar [[r.ParticleLightQuality:2]]
[2019.06.06-03.41.35:949][  0]LogConfig: Applying CVar settings from Section [FoliageQuality@Cine] File [E:/Pc/GameDevelopment/TheVillageHero/Saved/Config/Windows/Scalability.ini]
[2019.06.06-03.41.35:949][  0]LogConfig: Setting CVar [[foliage.DensityScale:1.0]]
[2019.06.06-03.41.35:949][  0]LogConfig: Setting CVar [[grass.DensityScale:1.0]]
[2019.06.06-03.41.35:949][  0]LogConfig: Applying CVar settings from Section [Startup] File [../../../Engine/Config/ConsoleVariables.ini]
[2019.06.06-03.41.35:950][  0]LogConfig: Setting CVar [[net.UseAdaptiveNetUpdateFrequency:0]]
[2019.06.06-03.41.35:950][  0]LogConfig: Applying CVar settings from Section [ConsoleVariables] File [E:/Pc/GameDevelopment/TheVillageHero/Saved/Config/Windows/Engine.ini]
[2019.06.06-03.41.35:950][  0]LogInit: Computer: DUCKIENZ
[2019.06.06-03.41.35:950][  0]LogInit: User: Danie
[2019.06.06-03.41.35:950][  0]LogInit: CPU Page size=4096, Cores=6
[2019.06.06-03.41.35:950][  0]LogInit: High frequency timer resolution =2.156250 MHz
[2019.06.06-03.41.35:950][  0]LogMemory: Memory total: Physical=15.8GB (16GB approx)
[2019.06.06-03.41.35:951][  0]LogMemory: Platform Memory Stats for Windows
[2019.06.06-03.41.35:951][  0]LogMemory: Process Physical Memory: 103.92 MB used, 103.92 MB peak
[2019.06.06-03.41.35:951][  0]LogMemory: Process Virtual Memory: 86.39 MB used, 86.39 MB peak
[2019.06.06-03.41.35:951][  0]LogMemory: Physical Memory: 8149.77 MB used,  8076.54 MB free, 16226.30 MB total
[2019.06.06-03.41.35:951][  0]LogMemory: Virtual Memory: 4645.92 MB used,  134213080.00 MB free, 134217728.00 MB total
[2019.06.06-03.41.36:039][  0]LogInit: Using OS detected language (en-US).
[2019.06.06-03.41.36:039][  0]LogInit: Using OS detected locale (en-AU).
[2019.06.06-03.41.36:047][  0]LogTextLocalizationManager: No specific localization for 'en-US' exists, so the 'en' localization will be used.
[2019.06.06-03.41.36:746][  0]LogStreaming: Display: Took  0.707s to InitEngineTextLocalization.
[2019.06.06-03.41.36:747][  0]LogInit: Setting process to per monitor DPI aware
[2019.06.06-03.41.36:812][  0]LogSlate: New Slate User Created.  User Index 0, Is Virtual User: 0
[2019.06.06-03.41.36:812][  0]LogSlate: Slate User Registered.  User Index 0, Is Virtual User: 0
[2019.06.06-03.41.37:703][  0]LogHMD: Failed to initialize OpenVR with code 110
[2019.06.06-03.41.37:703][  0]LogD3D11RHI: D3D11 adapters:
[2019.06.06-03.41.37:744][  0]LogD3D11RHI:    0. 'Intel(R) UHD Graphics 630' (Feature Level 11_0)
[2019.06.06-03.41.37:744][  0]LogD3D11RHI:       128/0/8113 MB DedicatedVideo/DedicatedSystem/SharedSystem, Outputs:1, VendorId:0x8086
[2019.06.06-03.41.37:905][  0]LogD3D11RHI:    1. 'NVIDIA GeForce GTX 1050' (Feature Level 11_0)
[2019.06.06-03.41.37:905][  0]LogD3D11RHI:       4019/0/8113 MB DedicatedVideo/DedicatedSystem/SharedSystem, Outputs:0, VendorId:0x10de
[2019.06.06-03.41.37:912][  0]LogD3D11RHI:    2. 'Microsoft Basic Render Driver' (Feature Level 11_0)
[2019.06.06-03.41.37:912][  0]LogD3D11RHI:       0/0/8113 MB DedicatedVideo/DedicatedSystem/SharedSystem, Outputs:0, VendorId:0x1414
[2019.06.06-03.41.37:912][  0]LogD3D11RHI: Chosen D3D11 Adapter: 1
[2019.06.06-03.41.37:929][  0]LogD3D11RHI: Creating new Direct3DDevice
[2019.06.06-03.41.37:929][  0]LogD3D11RHI:     GPU DeviceId: 0x1c8d (for the marketing name, search the web for "GPU Device Id")
[2019.06.06-03.41.37:929][  0]LogWindows: EnumDisplayDevices:
[2019.06.06-03.41.37:930][  0]LogWindows:    0. 'Intel(R) UHD Graphics 630' (P:1 D:1)
[2019.06.06-03.41.37:935][  0]LogWindows:    1. 'Intel(R) UHD Graphics 630' (P:0 D:0)
[2019.06.06-03.41.37:936][  0]LogWindows:    2. 'Intel(R) UHD Graphics 630' (P:0 D:0)
[2019.06.06-03.41.37:937][  0]LogWindows:    3. 'NVIDIA GeForce GTX 1050' (P:0 D:0)
[2019.06.06-03.41.37:939][  0]LogWindows: DebugString: PrimaryIsNotTheChoosenAdapter PrimaryIsNotTheChoosenAdapter PrimaryIsNotTheChoosenAdapter 
[2019.06.06-03.41.37:939][  0]LogD3D11RHI:     Adapter Name: NVIDIA GeForce GTX 1050
[2019.06.06-03.41.37:939][  0]LogD3D11RHI:   Driver Version: 417.88 (internal:25.21.14.1788, unified:417.88)
[2019.06.06-03.41.37:939][  0]LogD3D11RHI:      Driver Date: 2-12-2019
[2019.06.06-03.41.37:939][  0]LogRHI: Texture pool is 2813 MB (70% of 4019 MB)
[2019.06.06-03.41.38:058][  0]LogD3D11RHI: Async texture creation enabled
[2019.06.06-03.41.38:105][  0]LogD3D11RHI: GPU Timing Frequency: 1000.000000 (Debug: 2 2)
[2019.06.06-03.41.39:272][  0]LogTemp: Display: Loaded TP AllDesktopTargetPlatform
[2019.06.06-03.41.39:300][  0]LogTemp: Display: Loaded TP MacClientTargetPlatform
[2019.06.06-03.41.39:326][  0]LogTemp: Display: Loaded TP MacNoEditorTargetPlatform
[2019.06.06-03.41.39:355][  0]LogTemp: Display: Loaded TP MacServerTargetPlatform
[2019.06.06-03.41.39:388][  0]LogTemp: Display: Loaded TP MacTargetPlatform
[2019.06.06-03.41.39:428][  0]LogTemp: Display: Loaded TP WindowsClientTargetPlatform
[2019.06.06-03.41.39:463][  0]LogTemp: Display: Loaded TP WindowsNoEditorTargetPlatform
[2019.06.06-03.41.39:501][  0]LogTemp: Display: Loaded TP WindowsServerTargetPlatform
[2019.06.06-03.41.39:521][  0]LogTemp: Display: Loaded TP WindowsTargetPlatform
[2019.06.06-03.41.39:702][  0]LogTemp: Display: Loaded TP AndroidTargetPlatform
[2019.06.06-03.41.39:702][  0]LogTemp: Display: Loaded TP AndroidTargetPlatform
[2019.06.06-03.41.39:702][  0]LogTemp: Display: Loaded TP AndroidTargetPlatform
[2019.06.06-03.41.39:702][  0]LogTemp: Display: Loaded TP AndroidTargetPlatform
[2019.06.06-03.41.39:702][  0]LogTemp: Display: Loaded TP AndroidTargetPlatform
[2019.06.06-03.41.39:702][  0]LogTemp: Display: Loaded TP AndroidTargetPlatform
[2019.06.06-03.41.39:702][  0]LogTemp: Display: Loaded TP AndroidTargetPlatform
[2019.06.06-03.41.39:702][  0]LogTemp: Display: Loaded TP AndroidTargetPlatform
[2019.06.06-03.41.39:702][  0]LogTemp: Display: Loaded TP AndroidTargetPlatform
[2019.06.06-03.41.39:702][  0]LogTemp: Display: Loaded TP AndroidTargetPlatform
[2019.06.06-03.41.39:702][  0]LogTemp: Display: Loaded TP AndroidTargetPlatform
[2019.06.06-03.41.39:702][  0]LogTemp: Display: Loaded TP AndroidTargetPlatform
[2019.06.06-03.41.39:702][  0]LogTemp: Display: Loaded TP AndroidTargetPlatform
[2019.06.06-03.41.39:702][  0]LogTemp: Display: Loaded TP AndroidTargetPlatform
[2019.06.06-03.41.39:702][  0]LogTemp: Display: Loaded TP AndroidTargetPlatform
[2019.06.06-03.41.39:702][  0]LogTemp: Display: Loaded TP AndroidTargetPlatform
[2019.06.06-03.41.39:702][  0]LogTemp: Display: Loaded TP AndroidTargetPlatform
[2019.06.06-03.41.39:702][  0]LogTemp: Display: Loaded TP AndroidTargetPlatform
[2019.06.06-03.41.39:710][  0]LogTemp: Display: Loaded TP HTML5TargetPlatform
[2019.06.06-03.41.39:861][  0]LogTemp: Display: Loaded TP IOSTargetPlatform
[2019.06.06-03.41.39:861][  0]LogTemp: Display: Loaded TP IOSTargetPlatform
[2019.06.06-03.41.39:960][  0]LogTemp: Display: Loaded TP TVOSTargetPlatform
[2019.06.06-03.41.39:960][  0]LogTemp: Display: Loaded TP TVOSTargetPlatform
[2019.06.06-03.41.40:016][  0]LogTemp: Display: Loaded TP LinuxClientTargetPlatform
[2019.06.06-03.41.40:070][  0]LogTemp: Display: Loaded TP LinuxNoEditorTargetPlatform
[2019.06.06-03.41.40:114][  0]LogTemp: Display: Loaded TP LinuxServerTargetPlatform
[2019.06.06-03.41.40:161][  0]LogTemp: Display: Loaded TP LinuxTargetPlatform
[2019.06.06-03.41.40:337][  0]LogTemp: Display: Loaded TP LuminTargetPlatform
[2019.06.06-03.41.40:337][  0]LogTemp: Display: Loaded TP LuminTargetPlatform
[2019.06.06-03.41.40:337][  0]LogTargetPlatformManager: Display: Building Assets For Windows
[2019.06.06-03.41.40:631][  0]LogShaderCompilers: Guid format shader working directory is 9 characters bigger than the processId version (E:/Pc/GameDevelopment/TheVillageHero/Intermediate/Shaders/WorkingDirectory/10236/).
[2019.06.06-03.41.40:631][  0]LogShaderCompilers: Cleaned the shader compiler working directory 'C:/Users/Danie/AppData/Local/Temp/UnrealShaderWorkingDir/F436A91045D46B651FCFDCAFC7AA27CE/'.
[2019.06.06-03.41.40:643][  0]LogXGEController: Cannot use XGE Controller as Incredibuild is not installed on this machine.
[2019.06.06-03.41.40:644][  0]LogShaderCompilers: Cannot use XGE Shader Compiler as Incredibuild is not installed on this machine.
[2019.06.06-03.41.40:644][  0]LogShaderCompilers: Display: Using Local Shader Compiler.
[2019.06.06-03.41.42:507][  0]LogDerivedDataCache: Display: Max Cache Size: 512 MB
[2019.06.06-03.41.42:664][  0]LogDerivedDataCache: Loaded boot cache 0.16s 71MB C:/Users/Danie/AppData/Local/UnrealEngine/4.21/DerivedDataCache/Boot.ddc.
[2019.06.06-03.41.42:664][  0]LogDerivedDataCache: Display: Loaded Boot cache: C:/Users/Danie/AppData/Local/UnrealEngine/4.21/DerivedDataCache/Boot.ddc
[2019.06.06-03.41.42:664][  0]LogDerivedDataCache: FDerivedDataBackendGraph:  Pak pak cache file E:/Pc/GameDevelopment/TheVillageHero/DerivedDataCache/DDC.ddp not found, will not use a pak cache.
[2019.06.06-03.41.42:664][  0]LogDerivedDataCache: Unable to find inner node Pak for hierarchical cache Hierarchy.
[2019.06.06-03.41.42:665][  0]LogDerivedDataCache: FDerivedDataBackendGraph:  CompressedPak pak cache file E:/Pc/GameDevelopment/TheVillageHero/DerivedDataCache/Compressed.ddp not found, will not use a pak cache.
[2019.06.06-03.41.42:665][  0]LogDerivedDataCache: Unable to find inner node CompressedPak for hierarchical cache Hierarchy.
[2019.06.06-03.41.42:721][  0]LogDerivedDataCache: Display: Pak cache opened for reading ../../../Engine/DerivedDataCache/Compressed.ddp.
[2019.06.06-03.41.42:721][  0]LogDerivedDataCache: FDerivedDataBackendGraph:  EnterprisePak pak cache file ../../../Enterprise/DerivedDataCache/Compressed.ddp not found, will not use a pak cache.
[2019.06.06-03.41.42:721][  0]LogDerivedDataCache: Unable to find inner node EnterprisePak for hierarchical cache Hierarchy.
[2019.06.06-03.41.42:737][  0]LogDerivedDataCache: Using Local data cache path C:/Users/Danie/AppData/Local/UnrealEngine/Common/DerivedDataCache: Writable
[2019.06.06-03.41.42:737][  0]LogDerivedDataCache: Shared data cache path not found in *engine.ini, will not use an Shared cache.
[2019.06.06-03.41.42:737][  0]LogDerivedDataCache: Unable to find inner node Shared for hierarchical cache Hierarchy.
[2019.06.06-03.41.42:802][  0]LogMaterial: Verifying Global Shaders for PCD3D_SM5
[2019.06.06-03.41.42:805][  0]LogSlate: Using FreeType 2.6.0
[2019.06.06-03.41.42:809][  0]LogSlate: SlateFontServices - WITH_FREETYPE: 1, WITH_HARFBUZZ: 1
[2019.06.06-03.41.43:165][  0]LogAssetRegistry: FAssetRegistry took 0.0642 seconds to start up
[2019.06.06-03.41.44:419][  0]LogInit: Selected Device Profile: [Windows]
[2019.06.06-03.41.45:054][  0]LogSimplygon: Simplygon DLL not present - disabling.
[2019.06.06-03.41.45:078][  0]LogMeshReduction: Using SimplygonSwarm for distributed automatic mesh merging
[2019.06.06-03.41.45:078][  0]LogMeshReduction: Using ProxyLODMeshReduction for automatic mesh merging
[2019.06.06-03.41.45:079][  0]LogMeshReduction: Using QuadricMeshReduction for automatic static mesh reduction
[2019.06.06-03.41.45:079][  0]LogMeshReduction: No automatic skeletal mesh reduction module available
[2019.06.06-03.41.45:143][  0]LogNetVersion: TheVillageHero 1.0.0, NetCL: 4541578, EngineNetVer: 5, GameNetVer: 0 (Checksum: 1775770911)
[2019.06.06-03.41.48:878][  0]LogPackageLocalizationCache: Processed 11 localized package path(s) for 2 prioritized culture(s) in 1.515255 seconds
[2019.06.06-03.41.48:907][  0]LogUObjectArray: 39775 objects as part of root set at end of initial load.
[2019.06.06-03.41.48:907][  0]LogUObjectAllocator: 6914656 out of 0 bytes used by permanent object pool.
[2019.06.06-03.41.48:907][  0]LogUObjectArray: CloseDisregardForGC: 0/0 objects in disregard for GC pool
[2019.06.06-03.41.53:982][  0]LogTcpMessaging: Initializing TcpMessaging bridge
[2019.06.06-03.41.54:006][  0]LogUdpMessaging: Initializing bridge on interface 0.0.0.0:0 to multicast group 230.0.0.1:6666.
[2019.06.06-03.41.58:434][  0]SourceControl: Source control is disabled
[2019.06.06-03.41.58:434][  0]SourceControl: Source control is disabled
[2019.06.06-03.41.58:445][  0]SourceControl: Source control is disabled
[2019.06.06-03.41.58:453][  0]SourceControl: Source control is disabled
[2019.06.06-03.41.59:152][  0]LogAndroidPermission: UAndroidPermissionCallbackProxy::GetInstance
[2019.06.06-03.41.59:598][  0]LogOcInput: OculusInput pre-init called
[2019.06.06-03.41.59:979][  0]LogEngine: Initializing Engine...
[2019.06.06-03.41.59:984][  0]LogHMD: Failed to initialize OpenVR with code 110
[2019.06.06-03.41.59:990][  0]LogStats: UGameplayTagsManager::ConstructGameplayTagTree: ImportINI prefixes -  0.000 s
[2019.06.06-03.41.59:990][  0]LogStats: UGameplayTagsManager::ConstructGameplayTagTree: Construct from data asset -  0.000 s
[2019.06.06-03.41.59:990][  0]LogStats: UGameplayTagsManager::ConstructGameplayTagTree: ImportINI -  0.000 s
[2019.06.06-03.41.59:990][  0]LogStats: UGameplayTagsManager::ConstructGameplayTagTree: GameplayTagTreeChangedEvent.Broadcast -  0.000 s
[2019.06.06-03.42.01:130][  0]LogInit: Initializing FReadOnlyCVARCache
[2019.06.06-03.42.01:229][  0]LogAIModule: Creating AISystem for world Untitled
[2019.06.06-03.42.01:617][  0]LogInit: XAudio2 using 'Headphones (Sennheiser URBANITE Stereo)' : 2 channels at 44.1 kHz using 16 bits per sample (channel mask 0x3)
[2019.06.06-03.42.01:688][  0]LogInit: FAudioDevice initialized.
[2019.06.06-03.42.01:689][  0]LogNetVersion: Set ProjectVersion to 1.0.0.0. Version Checksum will be recalculated on next use.
[2019.06.06-03.42.01:916][  0]LogDerivedDataCache: Saved boot cache 0.23s 71MB C:/Users/Danie/AppData/Local/UnrealEngine/4.21/DerivedDataCache/Boot.ddc.
[2019.06.06-03.42.01:938][  0]LogInit: Texture streaming: Enabled
[2019.06.06-03.42.02:078][  0]LogEngineSessionManager: EngineSessionManager initialized
[2019.06.06-03.42.02:159][  0]LogInit: Transaction tracking system initialized
[2019.06.06-03.42.02:323][  0]BlueprintLog: New page: Editor Load
[2019.06.06-03.42.02:873][  0]LocalizationService: Localization service is disabled
[2019.06.06-03.42.05:326][  0]LogLinker: Warning: Can't find file '/Game/SideScrollerBP/SideScrollerOverview'
[2019.06.06-03.42.05:327][  0]LogLinker: Warning: Can't find file '/Game/SideScrollerBP/SideScrollerOverview'
[2019.06.06-03.42.05:328][  0]LogUObjectGlobals: Warning: Failed to find object 'Class /Game/SideScrollerBP/SideScrollerOverview.SideScrollerOverview_C'
[2019.06.06-03.42.06:820][  0]LogCook: Display: Max memory allowance for cook 16384mb min free memory 0mb
[2019.06.06-03.42.06:820][  0]LogCook: Display: Mobile HDR setting 1
[2019.06.06-03.42.06:820][  0]LogGameplayTags: Display: UGameplayTagsManager::DoneAddingNativeTags. DelegateIsBound: 0
[2019.06.06-03.42.06:820][  0]LogStats: UGameplayTagsManager::ConstructGameplayTagTree: ImportINI prefixes -  0.000 s
[2019.06.06-03.42.06:820][  0]LogStats: UGameplayTagsManager::ConstructGameplayTagTree: Construct from data asset -  0.000 s
[2019.06.06-03.42.06:821][  0]LogStats: UGameplayTagsManager::ConstructGameplayTagTree: ImportINI -  0.001 s
[2019.06.06-03.42.06:821][  0]LogStats: UGameplayTagsManager::ConstructGameplayTagTree: GameplayTagTreeChangedEvent.Broadcast -  0.000 s
[2019.06.06-03.42.07:359][  0]LogFileCache: Scanning file cache for directory 'E:/Pc/GameDevelopment/TheVillageHero/Content/' took 0.12s
[2019.06.06-03.42.07:393][  0]SourceControl: Source control is disabled
[2019.06.06-03.42.07:393][  0]Cmd: MAP LOAD FILE="E:/Pc/GameDevelopment/TheVillageHero/Content/GameContent/Levels/Level1.umap" TEMPLATE=0 SHOWPROGRESS=1 FEATURELEVEL=3
[2019.06.06-03.42.07:395][  0]LightingResults: New page: Lighting Build
[2019.06.06-03.42.07:408][  0]MapCheck: New page: Map Check
[2019.06.06-03.42.07:408][  0]LightingResults: New page: Lighting Build
[2019.06.06-03.42.10:347][  0]LogMaterial: Display: Missing cached shader map for material TerrainMaterial, compiling. 
[2019.06.06-03.42.10:781][  0]LogShaderCompilers: Display: Shaders left to compile 60
[2019.06.06-03.42.10:781][  0]LogShaderCompilers: Display: Shaders left to compile 50
[2019.06.06-03.42.10:781][  0]LogShaderCompilers: Display: Shaders left to compile 40
[2019.06.06-03.42.10:781][  0]LogShaderCompilers: Display: Shaders left to compile 30
[2019.06.06-03.42.10:781][  0]LogShaderCompilers: Display: Shaders left to compile 20
[2019.06.06-03.42.10:781][  0]LogShaderCompilers: Display: Shaders left to compile 10
[2019.06.06-03.42.10:781][  0]LogMaterial: Display: Missing cached shader map for material TerrainMaterial, compiling. 
[2019.06.06-03.42.10:979][  0]LogMaterial: Display: Missing cached shader map for material TerrainMaterial, compiling. 
[2019.06.06-03.42.11:344][  0]LogShaderCompilers: Display: Shaders left to compile 120
[2019.06.06-03.42.11:345][  0]LogShaderCompilers: Display: Shaders left to compile 110
[2019.06.06-03.42.11:345][  0]LogShaderCompilers: Display: Shaders left to compile 100
[2019.06.06-03.42.11:345][  0]LogMaterial: Display: Missing cached shader map for material natureKit-wood, compiling. 
[2019.06.06-03.42.11:563][  0]LogMaterial: Display: Missing cached shader map for material natureKit-_defaultMat, compiling. 
[2019.06.06-03.42.11:736][  0]LogMaterial: Display: Missing cached shader map for material natureKit-mushroom, compiling. 
[2019.06.06-03.42.11:898][  0]LogMaterial: Display: Missing cached shader map for material natureKit-leavesGreen, compiling. 
[2019.06.06-03.42.12:490][  0]LogMaterial: Display: Missing cached shader map for material natureKit-leaves, compiling. 
[2019.06.06-03.42.12:677][  0]LogMaterial: Display: Missing cached shader map for material natureKit-leavesFall, compiling. 
[2019.06.06-03.42.13:079][  0]LogMaterial: Display: Missing cached shader map for material natureKit-stone, compiling. 
[2019.06.06-03.42.13:283][  0]LogAIModule: Creating AISystem for world Level1
[2019.06.06-03.42.13:445][  0]LogEditorServer: Finished looking for orphan Actors (0.000 secs)
[2019.06.06-03.42.14:384][  0]Cmd: MAP CHECKDEP NOCLEARLOG
[2019.06.06-03.42.14:385][  0]MapCheck: Map check complete: 0 Error(s), 0 Warning(s), took 0.365ms to complete.
[2019.06.06-03.42.14:385][  0]LogFileHelpers: Loading map 'Level1' took 6.992
[2019.06.06-03.42.14:599][  0]LogSlate: Updating window title bar state: overlay mode, drag disabled, window buttons hidden, title bar hidden
[2019.06.06-03.42.14:628][  0]LogSlate: Updating window title bar state: overlay mode, drag disabled, window buttons hidden, title bar hidden
[2019.06.06-03.42.14:654][  0]LogSlate: Updating window title bar state: overlay mode, drag disabled, window buttons hidden, title bar hidden
[2019.06.06-03.42.14:677][  0]LogSlate: Updating window title bar state: overlay mode, drag disabled, window buttons hidden, title bar hidden
[2019.06.06-03.42.15:066][  0]LogCollectionManager: Loaded 0 collections in 0.013454 seconds
[2019.06.06-03.42.15:121][  0]LogFileCache: Scanning file cache for directory 'E:/Pc/GameDevelopment/TheVillageHero/Saved/Collections/' took 0.02s
[2019.06.06-03.42.15:121][  0]LogFileCache: Scanning file cache for directory 'E:/Pc/GameDevelopment/TheVillageHero/Content/Developers/Danie/Collections/' took 0.01s
[2019.06.06-03.42.15:121][  0]LogFileCache: Scanning file cache for directory 'E:/Pc/GameDevelopment/TheVillageHero/Content/Collections/' took 0.00s
[2019.06.06-03.42.15:121][  0]LogCollectionManager: Rebuilt the GUID cache for 0 collections in 0.000001 seconds
[2019.06.06-03.42.15:167][  0]LogContentBrowser: Native class hierarchy populated in 0.0445 seconds. Added 2652 classes and 622 folders.
[2019.06.06-03.42.15:213][  0]LogContentBrowser: Native class hierarchy updated for 'WidgetCarousel' in 0.0012 seconds. Added 0 classes and 0 folders.
[2019.06.06-03.42.15:226][  0]LogPakFile: Registered encryption key '00000000000000000000000000000000': 0 pak files mounted, 0 remain pending
[2019.06.06-03.42.15:231][  0]LogPakFile: Registered encryption key '00000000000000000000000000000000': 0 pak files mounted, 0 remain pending
[2019.06.06-03.42.15:237][  0]LogPakFile: Registered encryption key '00000000000000000000000000000000': 0 pak files mounted, 0 remain pending
[2019.06.06-03.42.15:242][  0]LogPakFile: Registered encryption key '00000000000000000000000000000000': 0 pak files mounted, 0 remain pending
[2019.06.06-03.42.15:245][  0]LogPakFile: Registered encryption key '00000000000000000000000000000000': 0 pak files mounted, 0 remain pending
[2019.06.06-03.42.15:250][  0]LogPakFile: Registered encryption key '00000000000000000000000000000000': 0 pak files mounted, 0 remain pending
[2019.06.06-03.42.15:255][  0]LogPakFile: Registered encryption key '00000000000000000000000000000000': 0 pak files mounted, 0 remain pending
[2019.06.06-03.42.15:259][  0]LogPakFile: Registered encryption key '00000000000000000000000000000000': 0 pak files mounted, 0 remain pending
[2019.06.06-03.42.15:263][  0]LogPakFile: Registered encryption key '00000000000000000000000000000000': 0 pak files mounted, 0 remain pending
[2019.06.06-03.42.15:267][  0]LogPakFile: Registered encryption key '00000000000000000000000000000000': 0 pak files mounted, 0 remain pending
[2019.06.06-03.42.15:272][  0]LogPakFile: Registered encryption key '00000000000000000000000000000000': 0 pak files mounted, 0 remain pending
[2019.06.06-03.42.15:277][  0]LogPakFile: Registered encryption key '00000000000000000000000000000000': 0 pak files mounted, 0 remain pending
[2019.06.06-03.42.15:282][  0]LogPakFile: Registered encryption key '00000000000000000000000000000000': 0 pak files mounted, 0 remain pending
[2019.06.06-03.42.15:287][  0]LogPakFile: Registered encryption key '00000000000000000000000000000000': 0 pak files mounted, 0 remain pending
[2019.06.06-03.42.15:292][  0]LogPakFile: Registered encryption key '00000000000000000000000000000000': 0 pak files mounted, 0 remain pending
[2019.06.06-03.42.15:296][  0]LogPakFile: Registered encryption key '00000000000000000000000000000000': 0 pak files mounted, 0 remain pending
[2019.06.06-03.42.15:300][  0]LogPakFile: Registered encryption key '00000000000000000000000000000000': 0 pak files mounted, 0 remain pending
[2019.06.06-03.42.15:304][  0]LogPakFile: Registered encryption key '00000000000000000000000000000000': 0 pak files mounted, 0 remain pending
[2019.06.06-03.42.15:308][  0]LogPakFile: Registered encryption key '00000000000000000000000000000000': 0 pak files mounted, 0 remain pending
[2019.06.06-03.42.15:312][  0]LogPakFile: Registered encryption key '00000000000000000000000000000000': 0 pak files mounted, 0 remain pending
[2019.06.06-03.42.15:316][  0]LogPakFile: Registered encryption key '00000000000000000000000000000000': 0 pak files mounted, 0 remain pending
[2019.06.06-03.42.15:320][  0]LogPakFile: Registered encryption key '00000000000000000000000000000000': 0 pak files mounted, 0 remain pending
[2019.06.06-03.42.15:324][  0]LogPakFile: Registered encryption key '00000000000000000000000000000000': 0 pak files mounted, 0 remain pending
[2019.06.06-03.42.15:328][  0]LogPakFile: Registered encryption key '00000000000000000000000000000000': 0 pak files mounted, 0 remain pending
[2019.06.06-03.42.15:333][  0]LogPakFile: Registered encryption key '00000000000000000000000000000000': 0 pak files mounted, 0 remain pending
[2019.06.06-03.42.15:337][  0]LogPakFile: Registered encryption key '00000000000000000000000000000000': 0 pak files mounted, 0 remain pending
[2019.06.06-03.42.15:936][  0]LogContentBrowser: Native class hierarchy updated for 'AddContentDialog' in 0.0009 seconds. Added 0 classes and 0 folders.
[2019.06.06-03.42.15:960][  0]LogSlate: Took 0.001063 seconds to synchronously load lazily loaded font '../../../Engine/Content/Slate/Fonts/Roboto-Regular.ttf' (155K)
[2019.06.06-03.42.15:967][  0]LogSlate: Took 0.001138 seconds to synchronously load lazily loaded font '../../../Engine/Content/Slate/Fonts/Roboto-Bold.ttf' (160K)
[2019.06.06-03.42.15:988][  0]LogSlate: Took 0.001312 seconds to synchronously load lazily loaded font '../../../Engine/Content/Editor/Slate/Fonts/FontAwesome.ttf' (139K)
[2019.06.06-03.42.16:359][  0]LogRenderer: Reallocating scene render targets to support 836x448 Format 10 NumSamples 1 (Frame:1).
[2019.06.06-03.42.17:923][  0]LogContentBrowser: Native class hierarchy updated for 'HierarchicalLODOutliner' in 0.0014 seconds. Added 0 classes and 0 folders.
[2019.06.06-03.42.17:923][  0]LogLoad: (Engine Initialization) Total time: 51.42 seconds
[2019.06.06-03.42.17:923][  0]LogLoad: (Engine Initialization) Total Blueprint compile time: 0.00 seconds
[2019.06.06-03.42.18:290][  0]LogContentStreaming: Texture pool size now 3000 MB
[2019.06.06-03.42.18:590][  0]LogSlate: Took 0.001107 seconds to synchronously load lazily loaded font '../../../Engine/Content/Slate/Fonts/Roboto-Light.ttf' (167K)
[2019.06.06-03.42.19:538][  6]LogAssetRegistry: Asset discovery search completed in 36.3972 seconds
[2019.06.06-03.42.19:550][  6]LogCollectionManager: Rebuilt the object cache for 0 collections in 0.000000 seconds (found 0 objects)
[2019.06.06-03.42.19:550][  6]LogCollectionManager: Fixed up redirectors for 0 collections in 0.000130 seconds (updated 0 objects)
[2019.06.06-03.42.32:253][351]LogShaderCompilers: Display: Shaders left to compile 517
[2019.06.06-03.42.53:297][802]LogShaderCompilers: Display: Shaders left to compile 507
[2019.06.06-03.42.55:988][841]LogShaderCompilers: Display: Shaders left to compile 497
[2019.06.06-03.43.01:018][926]LogShaderCompilers: Display: Shaders left to compile 487
[2019.06.06-03.43.02:070][941]LogShaderCompilers: Display: Shaders left to compile 477
[2019.06.06-03.43.06:334][  9]LogShaderCompilers: Display: Shaders left to compile 467
[2019.06.06-03.43.13:416][125]LogShaderCompilers: Display: Shaders left to compile 457
[2019.06.06-03.43.15:116][149]LogShaderCompilers: Display: Shaders left to compile 447
[2019.06.06-03.43.16:834][182]LogShaderCompilers: Display: Shaders left to compile 437
[2019.06.06-03.43.24:498][317]LogShaderCompilers: Display: Shaders left to compile 427
[2019.06.06-03.43.26:700][357]LogShaderCompilers: Display: Shaders left to compile 417
[2019.06.06-03.43.27:541][369]LogShaderCompilers: Display: Shaders left to compile 407
[2019.06.06-03.43.32:442][437]LogShaderCompilers: Display: Shaders left to compile 397
[2019.06.06-03.43.33:981][437]LogShaderCompilers: Display: Shaders left to compile 387
[2019.06.06-03.43.37:765][444]LogShaderCompilers: Display: Shaders left to compile 377
[2019.06.06-03.43.38:951][455]LogShaderCompilers: Display: Shaders left to compile 367
[2019.06.06-03.43.45:437][464]LogShaderCompilers: Display: Shaders left to compile 357
[2019.06.06-03.43.45:997][464]LogShaderCompilers: Display: Shaders left to compile 347
[2019.06.06-03.43.48:990][490]LogShaderCompilers: Display: Shaders left to compile 337
[2019.06.06-03.43.49:883][502]LogShaderCompilers: Display: Shaders left to compile 327
[2019.06.06-03.43.58:742][664]LogShaderCompilers: Display: Shaders left to compile 317
[2019.06.06-03.43.59:398][677]LogShaderCompilers: Display: Shaders left to compile 307
[2019.06.06-03.43.59:545][681]LogShaderCompilers: Display: Shaders left to compile 297
[2019.06.06-03.44.06:168][842]LogShaderCompilers: Display: Shaders left to compile 287
[2019.06.06-03.44.08:718][904]LogShaderCompilers: Display: Shaders left to compile 277
[2019.06.06-03.44.08:742][905]LogShaderCompilers: Display: Shaders left to compile 267
[2019.06.06-03.44.09:325][926]LogShaderCompilers: Display: Shaders left to compile 257
[2019.06.06-03.44.11:129][976]LogShaderCompilers: Display: Shaders left to compile 247
[2019.06.06-03.44.11:551][987]LogShaderCompilers: Display: Shaders left to compile 237
[2019.06.06-03.44.13:020][ 32]LogShaderCompilers: Display: Shaders left to compile 227
[2019.06.06-03.44.18:964][160]LogShaderCompilers: Display: Shaders left to compile 217
[2019.06.06-03.44.20:878][200]LogShaderCompilers: Display: Shaders left to compile 207
[2019.06.06-03.44.23:250][245]LogShaderCompilers: Display: Shaders left to compile 197
[2019.06.06-03.44.24:788][282]LogShaderCompilers: Display: Shaders left to compile 187
[2019.06.06-03.44.27:658][347]LogShaderCompilers: Display: Shaders left to compile 177
[2019.06.06-03.44.34:194][470]LogShaderCompilers: Display: Shaders left to compile 167
[2019.06.06-03.44.34:194][470]LogShaderCompilers: Display: Shaders left to compile 157
[2019.06.06-03.44.37:490][536]LogShaderCompilers: Display: Shaders left to compile 147
[2019.06.06-03.44.41:772][612]LogShaderCompilers: Display: Shaders left to compile 137
[2019.06.06-03.44.46:875][696]LogShaderCompilers: Display: Shaders left to compile 127
[2019.06.06-03.44.49:247][740]LogShaderCompilers: Display: Shaders left to compile 117
[2019.06.06-03.44.50:813][769]LogShaderCompilers: Display: Shaders left to compile 107
[2019.06.06-03.44.52:830][806]LogShaderCompilers: Display: Shaders left to compile 97
[2019.06.06-03.44.54:178][832]LogShaderCompilers: Display: Shaders left to compile 87
[2019.06.06-03.45.01:989][964]LogShaderCompilers: Display: Shaders left to compile 77
[2019.06.06-03.45.04:219][  7]LogShaderCompilers: Display: Shaders left to compile 67
[2019.06.06-03.45.07:266][ 65]LogShaderCompilers: Display: Shaders left to compile 57
[2019.06.06-03.45.08:428][ 93]LogShaderCompilers: Display: Shaders left to compile 47
[2019.06.06-03.45.11:238][150]LogShaderCompilers: Display: Shaders left to compile 37
[2019.06.06-03.45.13:833][194]LogShaderCompilers: Display: Shaders left to compile 27
[2019.06.06-03.45.15:526][230]LogShaderCompilers: Display: Shaders left to compile 17
[2019.06.06-03.45.15:764][235]LogShaderCompilers: Display: Shaders left to compile 7
[2019.06.06-03.47.57:927][324]LogSlate: Window 'TheVillageHero - Unreal Editor' being destroyed
[2019.06.06-03.47.57:929][324]LogWindowsTextInputMethodSystem: Display: IME system now deactivated.
[2019.06.06-03.47.58:293][325]Cmd: QUIT_EDITOR
[2019.06.06-03.47.58:358][325]LogExit: Preparing to exit.
[2019.06.06-03.47.58:844][325]LogExit: Editor shut down
[2019.06.06-03.47.58:845][325]LogExit: Transaction tracking system shut down
[2019.06.06-03.47.59:663][325]LogExit: Object subsystem successfully closed.
[2019.06.06-03.47.59:696][325]LogShaderCompilers: Display: Shaders left to compile 0
[2019.06.06-03.47.59:701][325]LogD3D11RHI: Shutdown
[2019.06.06-03.47.59:701][325]LogD3D11RHI: CleanupD3DDevice
[2019.06.06-03.47.59:705][325]LogD3D11RHI: ~FD3D11DynamicRHI
[2019.06.06-03.47.59:821][325]LogModuleManager: Shutting down and abandoning module HierarchicalLODOutliner (622)
[2019.06.06-03.47.59:821][325]LogModuleManager: Shutting down and abandoning module AddContentDialog (620)
[2019.06.06-03.47.59:826][325]LogModuleManager: Shutting down and abandoning module WidgetCarousel (619)
[2019.06.06-03.47.59:826][325]LogModuleManager: Shutting down and abandoning module EditorWidgets (616)
[2019.06.06-03.47.59:826][325]LogModuleManager: Shutting down and abandoning module CollectionManager (614)
[2019.06.06-03.47.59:826][325]LogModuleManager: Shutting down and abandoning module SceneOutliner (612)
[2019.06.06-03.47.59:827][325]LogModuleManager: Shutting down and abandoning module StatsViewer (610)
[2019.06.06-03.47.59:827][325]LogModuleManager: Shutting down and abandoning module FoliageEdit (608)
[2019.06.06-03.47.59:827][325]LogModuleManager: Shutting down and abandoning module LandscapeEditor (606)
[2019.06.06-03.47.59:827][325]LogModuleManager: Shutting down and abandoning module MeshPaintMode (604)
[2019.06.06-03.47.59:827][325]LogModuleManager: Shutting down and abandoning module SceneDepthPickerMode (602)
[2019.06.06-03.47.59:827][325]LogModuleManager: Shutting down and abandoning module ActorPickerMode (600)
[2019.06.06-03.47.59:827][325]LogModuleManager: Shutting down and abandoning module GeometryMode (598)
[2019.06.06-03.47.59:827][325]LogModuleManager: Shutting down and abandoning module TextureAlignMode (596)
[2019.06.06-03.47.59:827][325]LogModuleManager: Shutting down and abandoning module BspMode (594)
[2019.06.06-03.47.59:827][325]LogModuleManager: Shutting down and abandoning module PIEPreviewDeviceProfileSelector (592)
[2019.06.06-03.47.59:827][325]LogModuleManager: Shutting down and abandoning module SequenceRecorderSections (590)
[2019.06.06-03.47.59:828][325]LogModuleManager: Shutting down and abandoning module AutomationWorker (588)
[2019.06.06-03.47.59:828][325]LogModuleManager: Shutting down and abandoning module AudioCaptureEditor (586)
[2019.06.06-03.47.59:828][325]LogModuleManager: Shutting down and abandoning module MatineeToLevelSequence (584)
[2019.06.06-03.47.59:828][325]LogModuleManager: Shutting down and abandoning module LevelSequenceEditor (582)
[2019.06.06-03.47.59:828][325]LogModuleManager: Shutting down and abandoning module PlacementMode (581)
[2019.06.06-03.47.59:828][325]LogModuleManager: Shutting down and abandoning module MaterialEditor (580)
[2019.06.06-03.47.59:828][325]LogModuleManager: Shutting down and abandoning module WmfMediaFactory (576)
[2019.06.06-03.47.59:828][325]LogModuleManager: Shutting down and abandoning module WmfMediaEditor (574)
[2019.06.06-03.47.59:828][325]LogModuleManager: Shutting down and abandoning module WebMMediaFactory (572)
[2019.06.06-03.47.59:828][325]LogModuleManager: Shutting down and abandoning module WebMMediaEditor (570)
[2019.06.06-03.47.59:828][325]LogModuleManager: Shutting down and abandoning module WebMMedia (568)
[2019.06.06-03.47.59:828][325]LogModuleManager: Shutting down and abandoning module MediaPlayerEditor (566)
[2019.06.06-03.47.59:828][325]LogModuleManager: Shutting down and abandoning module MediaCompositingEditor (564)
[2019.06.06-03.47.59:828][325]LogModuleManager: Shutting down and abandoning module SequenceRecorder (563)
[2019.06.06-03.47.59:828][325]LogModuleManager: Shutting down and abandoning module OpenExrWrapper (560)
[2019.06.06-03.47.59:828][325]LogModuleManager: Shutting down and abandoning module ImgMediaFactory (558)
[2019.06.06-03.47.59:828][325]LogModuleManager: Shutting down and abandoning module ImgMediaEditor (556)
[2019.06.06-03.47.59:828][325]LogModuleManager: Shutting down and abandoning module AvfMediaFactory (554)
[2019.06.06-03.47.59:828][325]LogModuleManager: Shutting down and abandoning module AvfMediaEditor (552)
[2019.06.06-03.47.59:828][325]LogModuleManager: Shutting down and abandoning module AndroidMediaFactory (550)
[2019.06.06-03.47.59:828][325]LogModuleManager: Shutting down and abandoning module AndroidMediaEditor (548)
[2019.06.06-03.47.59:828][325]LogModuleManager: Shutting down and abandoning module MagicLeapCameraPreviewFactory (546)
[2019.06.06-03.47.59:828][325]LogModuleManager: Shutting down and abandoning module MagicLeapMediaFactory (544)
[2019.06.06-03.47.59:829][325]LogModuleManager: Shutting down and abandoning module MagicLeapMediaEditor (542)
[2019.06.06-03.47.59:829][325]LogModuleManager: Shutting down and abandoning module CharacterAI (540)
[2019.06.06-03.47.59:829][325]LogModuleManager: Shutting down and abandoning module SmartSnapping (538)
[2019.06.06-03.47.59:829][325]LogModuleManager: Shutting down and abandoning module SessionServices (536)
[2019.06.06-03.47.59:829][325]LogModuleManager: Shutting down and abandoning module ViewportSnapping (534)
[2019.06.06-03.47.59:829][325]LogModuleManager: Shutting down and abandoning module ViewportInteraction (532)
[2019.06.06-03.47.59:829][325]LogModuleManager: Shutting down and abandoning module ClothPainter (530)
[2019.06.06-03.47.59:829][325]LogModuleManager: Shutting down and abandoning module SkeletalMeshEditor (529)
[2019.06.06-03.47.59:829][325]LogModuleManager: Shutting down and abandoning module LogVisualizer (526)
[2019.06.06-03.47.59:829][325]LogModuleManager: Shutting down and abandoning module IntroTutorials (524)
[2019.06.06-03.47.59:829][325]LogModuleManager: Shutting down and abandoning module GameProjectGeneration (523)
[2019.06.06-03.47.59:829][325]LogModuleManager: Shutting down and abandoning module LuminPlatformEditor (520)
[2019.06.06-03.47.59:829][325]LogModuleManager: Shutting down and abandoning module IOSPlatformEditor (518)
[2019.06.06-03.47.59:829][325]LogModuleManager: Shutting down and abandoning module HTML5PlatformEditor (516)
[2019.06.06-03.47.59:829][325]LogModuleManager: Shutting down and abandoning module AndroidPlatformEditor (514)
[2019.06.06-03.47.59:829][325]LogModuleManager: Shutting down and abandoning module AndroidDeviceDetection (513)
[2019.06.06-03.48.00:477][325]LogModuleManager: Shutting down and abandoning module WindowsPlatformEditor (510)
[2019.06.06-03.48.00:477][325]LogModuleManager: Shutting down and abandoning module LuminRuntimeSettings (508)
[2019.06.06-03.48.00:477][325]LogModuleManager: Shutting down and abandoning module IOSRuntimeSettings (506)
[2019.06.06-03.48.00:477][325]LogModuleManager: Shutting down and abandoning module AndroidRuntimeSettings (504)
[2019.06.06-03.48.00:477][325]LogModuleManager: Shutting down and abandoning module TimeManagementEditor (502)
[2019.06.06-03.48.00:477][325]LogModuleManager: Shutting down and abandoning module InputBindingEditor (500)
[2019.06.06-03.48.00:477][325]LogModuleManager: Shutting down and abandoning module MergeActors (498)
[2019.06.06-03.48.00:477][325]LogModuleManager: Shutting down and abandoning module LocalizationDashboard (496)
[2019.06.06-03.48.00:477][325]LogModuleManager: Shutting down and abandoning module LocalizationService (495)
[2019.06.06-03.48.00:477][325]LogModuleManager: Shutting down and abandoning module HardwareTargeting (492)
[2019.06.06-03.48.00:477][325]LogModuleManager: Shutting down and abandoning module DeviceProfileEditor (490)
[2019.06.06-03.48.00:477][325]LogModuleManager: Shutting down and abandoning module UndoHistory (488)
[2019.06.06-03.48.00:478][325]LogModuleManager: Shutting down and abandoning module XmlParser (486)
[2019.06.06-03.48.00:478][325]LogModuleManager: Shutting down and abandoning module Blutility (484)
[2019.06.06-03.48.00:478][325]LogModuleManager: Shutting down and abandoning module ProjectSettingsViewer (482)
[2019.06.06-03.48.00:478][325]LogModuleManager: Shutting down and abandoning module ProjectTargetPlatformEditor (481)
[2019.06.06-03.48.00:478][325]LogModuleManager: Shutting down and abandoning module EditorSettingsViewer (478)
[2019.06.06-03.48.00:478][325]LogModuleManager: Shutting down and abandoning module SettingsEditor (476)
[2019.06.06-03.48.00:478][325]LogModuleManager: Shutting down and abandoning module ProjectLauncher (474)
[2019.06.06-03.48.00:478][325]LogModuleManager: Shutting down and abandoning module SessionFrontend (472)
[2019.06.06-03.48.00:478][325]LogModuleManager: Shutting down and abandoning module ProfilerClient (470)
[2019.06.06-03.48.00:478][325]LogModuleManager: Shutting down and abandoning module DeviceManager (468)
[2019.06.06-03.48.00:478][325]LogModuleManager: Shutting down and abandoning module TargetDeviceServices (467)
[2019.06.06-03.48.00:543][325]LogModuleManager: Shutting down and abandoning module AutomationController (464)
[2019.06.06-03.48.00:543][325]LogModuleManager: Shutting down and abandoning module AutomationWindow (462)
[2019.06.06-03.48.00:543][325]LogModuleManager: Shutting down and abandoning module Layers (460)
[2019.06.06-03.48.00:543][325]LogModuleManager: Shutting down and abandoning module ComponentVisualizers (458)
[2019.06.06-03.48.00:543][325]LogModuleManager: Shutting down and abandoning module DetailCustomizations (456)
[2019.06.06-03.48.00:543][325]LogModuleManager: Shutting down and abandoning module PackagesDialog (454)
[2019.06.06-03.48.00:543][325]LogModuleManager: Shutting down and abandoning module Persona (452)
[2019.06.06-03.48.00:543][325]LogModuleManager: Shutting down and abandoning module AdvancedPreviewScene (451)
[2019.06.06-03.48.00:544][325]LogModuleManager: Shutting down and abandoning module AnimGraph (449)
[2019.06.06-03.48.00:544][325]LogModuleManager: Shutting down and abandoning module Kismet (446)
[2019.06.06-03.48.00:544][325]LogModuleManager: Shutting down and abandoning module GraphEditor (444)
[2019.06.06-03.48.00:544][325]LogModuleManager: Shutting down and abandoning module ClassViewer (442)
[2019.06.06-03.48.00:544][325]LogModuleManager: Shutting down and abandoning module Toolbox (440)
[2019.06.06-03.48.00:544][325]LogModuleManager: Shutting down and abandoning module ModuleUI (438)
[2019.06.06-03.48.00:544][325]LogModuleManager: Shutting down and abandoning module MovieSceneTools (436)
[2019.06.06-03.48.00:544][325]LogModuleManager: Shutting down and abandoning module OutputLog (434)
[2019.06.06-03.48.00:544][325]LogModuleManager: Shutting down and abandoning module GammaUI (432)
[2019.06.06-03.48.00:544][325]LogModuleManager: Shutting down and abandoning module Documentation (430)
[2019.06.06-03.48.00:544][325]LogModuleManager: Shutting down and abandoning module MovieSceneTracks (428)
[2019.06.06-03.48.00:544][325]LogModuleManager: Shutting down and abandoning module MovieScene (426)
[2019.06.06-03.48.00:544][325]LogModuleManager: Shutting down and abandoning module StreamingPauseRendering (424)
[2019.06.06-03.48.00:544][325]LogModuleManager: Shutting down and abandoning module LauncherPlatform (422)
[2019.06.06-03.48.00:545][325]LogModuleManager: Shutting down and abandoning module AnalyticsET (420)
[2019.06.06-03.48.00:545][325]LogModuleManager: Shutting down and abandoning module PortalServices (418)
[2019.06.06-03.48.00:545][325]LogModuleManager: Shutting down and abandoning module PortalRpc (416)
[2019.06.06-03.48.00:545][325]LogModuleManager: Shutting down and abandoning module MessagingRpc (414)
[2019.06.06-03.48.00:545][325]LogModuleManager: Shutting down and abandoning module AIModule (412)
[2019.06.06-03.48.00:545][325]LogModuleManager: Shutting down and abandoning module GameplayDebugger (411)
[2019.06.06-03.48.00:545][325]LogModuleManager: Shutting down and abandoning module AITestSuite (409)
[2019.06.06-03.48.00:545][325]LogModuleManager: Shutting down and abandoning module NavigationSystem (407)
[2019.06.06-03.48.00:545][325]LogModuleManager: Shutting down and abandoning module DesktopPlatform (404)
[2019.06.06-03.48.00:545][325]LogModuleManager: Shutting down and abandoning module ImageWriteQueue (402)
[2019.06.06-03.48.00:554][325]LogModuleManager: Shutting down and abandoning module ProfilerService (400)
[2019.06.06-03.48.00:586][325]LogModuleManager: Shutting down and abandoning module TaskGraph (398)
[2019.06.06-03.48.00:587][325]LogModuleManager: Shutting down and abandoning module SteamVRController (396)
[2019.06.06-03.48.00:587][325]LogModuleManager: Shutting down and abandoning module ProceduralMeshComponentEditor (394)
[2019.06.06-03.48.00:587][325]LogModuleManager: Shutting down and abandoning module ProceduralMeshComponent (392)
[2019.06.06-03.48.00:587][325]LogModuleManager: Shutting down and abandoning module OculusInput (390)
[2019.06.06-03.48.00:587][325]LogModuleManager: Shutting down and abandoning module MobilePatchingUtils (388)
[2019.06.06-03.48.00:587][325]LogModuleManager: Shutting down and abandoning module EditableMesh (386)
[2019.06.06-03.48.00:587][325]LogModuleManager: Shutting down and abandoning module CustomMeshComponent (384)
[2019.06.06-03.48.00:587][325]LogModuleManager: Shutting down and abandoning module CableComponent (382)
[2019.06.06-03.48.00:587][325]LogModuleManager: Shutting down and abandoning module AudioCapture (380)
[2019.06.06-03.48.00:587][325]LogModuleManager: Shutting down and abandoning module ArchVisCharacter (378)
[2019.06.06-03.48.00:587][325]LogModuleManager: Shutting down and abandoning module AndroidPermission (376)
[2019.06.06-03.48.00:587][325]LogModuleManager: Shutting down and abandoning module NUTUnrealEngine4 (374)
[2019.06.06-03.48.00:587][325]LogModuleManager: Shutting down and abandoning module NetcodeUnitTest (372)
[2019.06.06-03.48.00:587][325]LogModuleManager: Shutting down and abandoning module MediaCompositing (370)
[2019.06.06-03.48.00:587][325]LogModuleManager: Shutting down and abandoning module LinearTimecode (368)
[2019.06.06-03.48.00:587][325]LogModuleManager: Shutting down and abandoning module ImgMedia (366)
[2019.06.06-03.48.00:593][325]LogModuleManager: Shutting down and abandoning module HTML5Networking (364)
[2019.06.06-03.48.00:593][325]LogModuleManager: Shutting down and abandoning module GeometryCacheTracks (362)
[2019.06.06-03.48.00:593][325]LogModuleManager: Shutting down and abandoning module GeometryCacheSequencer (360)
[2019.06.06-03.48.00:593][325]LogModuleManager: Shutting down and abandoning module BackChannel (358)
[2019.06.06-03.48.00:593][325]LogModuleManager: Shutting down and abandoning module AppleVision (356)
[2019.06.06-03.48.00:593][325]LogModuleManager: Shutting down and abandoning module AppleImageUtilsBlueprintSupport (354)
[2019.06.06-03.48.00:593][325]LogModuleManager: Shutting down and abandoning module AppleImageUtils (352)
[2019.06.06-03.48.00:593][325]LogModuleManager: Shutting down and abandoning module AlembicImporter (350)
[2019.06.06-03.48.00:593][325]LogModuleManager: Shutting down and abandoning module AlembicLibrary (349)
[2019.06.06-03.48.00:594][325]LogModuleManager: Shutting down and abandoning module GeometryCache (348)
[2019.06.06-03.48.00:594][325]LogModuleManager: Shutting down and abandoning module GeometryCacheEd (347)
[2019.06.06-03.48.00:594][325]LogModuleManager: Shutting down and abandoning module VariantManagerContent (342)
[2019.06.06-03.48.00:594][325]LogModuleManager: Shutting down and abandoning module DatasmithContentEditor (340)
[2019.06.06-03.48.00:594][325]LogModuleManager: Shutting down and abandoning module SpeedTreeImporter (338)
[2019.06.06-03.48.00:594][325]LogModuleManager: Shutting down and abandoning module PluginBrowser (336)
[2019.06.06-03.48.00:594][325]LogModuleManager: Shutting down and abandoning module MobileLauncherProfileWizard (334)
[2019.06.06-03.48.00:594][325]LogModuleManager: Shutting down and abandoning module PolygonModeling (332)
[2019.06.06-03.48.00:594][325]LogModuleManager: Shutting down and abandoning module MeshEditor (330)
[2019.06.06-03.48.00:594][325]LogModuleManager: Shutting down and abandoning module CryptoKeysOpenSSL (328)
[2019.06.06-03.48.00:594][325]LogModuleManager: Shutting down and abandoning module CryptoKeys (326)
[2019.06.06-03.48.00:594][325]LogModuleManager: Shutting down and abandoning module VisualStudioSourceCodeAccess (324)
[2019.06.06-03.48.00:594][325]LogModuleManager: Shutting down and abandoning module VisualStudioCodeSourceCodeAccess (322)
[2019.06.06-03.48.00:594][325]LogModuleManager: Shutting down and abandoning module UObjectPlugin (320)
[2019.06.06-03.48.00:594][325]LogModuleManager: Shutting down and abandoning module SubversionSourceControl (318)
[2019.06.06-03.48.00:594][325]LogModuleManager: Shutting down and abandoning module PerforceSourceControl (316)
[2019.06.06-03.48.00:594][325]LogModuleManager: Shutting down and abandoning module GitSourceControl (314)
[2019.06.06-03.48.00:594][325]LogModuleManager: Shutting down and abandoning module SourceControl (313)
[2019.06.06-03.48.00:594][325]LogModuleManager: Shutting down and abandoning module CLionSourceCodeAccess (310)
[2019.06.06-03.48.00:594][325]LogModuleManager: Shutting down and abandoning module ActorLayerUtilitiesEditor (308)
[2019.06.06-03.48.00:594][325]LogModuleManager: Shutting down and abandoning module ActorLayerUtilities (306)
[2019.06.06-03.48.00:594][325]LogModuleManager: Shutting down and abandoning module LightPropagationVolumeEditor (304)
[2019.06.06-03.48.00:594][325]LogModuleManager: Shutting down and abandoning module PaperTiledImporter (302)
[2019.06.06-03.48.00:594][325]LogModuleManager: Shutting down and abandoning module PaperSpriteSheetImporter (300)
[2019.06.06-03.48.00:595][325]LogModuleManager: Shutting down and abandoning module Paper2DEditor (298)
[2019.06.06-03.48.00:595][325]LogModuleManager: Shutting down and abandoning module MeshPaint (297)
[2019.06.06-03.48.00:595][325]LogModuleManager: Shutting down and abandoning module RuntimePhysXCooking (294)
[2019.06.06-03.48.00:595][325]LogModuleManager: Shutting down and abandoning module PhysXVehiclesEditor (292)
[2019.06.06-03.48.00:595][325]LogModuleManager: Shutting down and abandoning module PhysXVehicles (290)
[2019.06.06-03.48.00:595][325]LogModuleManager: Shutting down and abandoning module OculusEditor (288)
[2019.06.06-03.48.00:595][325]LogModuleManager: Shutting down and abandoning module LocationServicesBPLibrary (286)
[2019.06.06-03.48.00:595][325]LogModuleManager: Shutting down and abandoning module ActorSequence (284)
[2019.06.06-03.48.00:595][325]LogModuleManager: Shutting down and abandoning module UdpMessaging (282)
[2019.06.06-03.48.00:696][325]LogModuleManager: Shutting down and abandoning module TcpMessaging (280)
[2019.06.06-03.48.00:797][325]LogModuleManager: Shutting down and abandoning module MagicLeapAudio (278)
[2019.06.06-03.48.00:797][325]LogModuleManager: Shutting down and abandoning module GameplayTagsEditor (276)
[2019.06.06-03.48.00:797][325]LogModuleManager: Shutting down and abandoning module FacialAnimationEditor (274)
[2019.06.06-03.48.00:797][325]LogModuleManager: Shutting down and abandoning module FacialAnimation (272)
[2019.06.06-03.48.00:797][325]LogModuleManager: Shutting down and abandoning module DataValidation (270)
[2019.06.06-03.48.00:797][325]LogModuleManager: Shutting down and abandoning module AssetManagerEditor (268)
[2019.06.06-03.48.00:797][325]LogModuleManager: Shutting down and abandoning module LevelEditor (267)
[2019.06.06-03.48.00:798][325]LogModuleManager: Shutting down and abandoning module PixelInspectorModule (266)
[2019.06.06-03.48.00:798][325]LogModuleManager: Shutting down and abandoning module CommonMenuExtensions (264)
[2019.06.06-03.48.00:799][325]LogModuleManager: Shutting down and abandoning module MainFrame (262)
[2019.06.06-03.48.00:799][325]LogModuleManager: Shutting down and abandoning module HotReload (261)
[2019.06.06-03.48.00:803][325]LogModuleManager: Shutting down and abandoning module ContentBrowser (257)
[2019.06.06-03.48.00:804][325]LogModuleManager: Shutting down and abandoning module TreeMap (255)
[2019.06.06-03.48.00:805][325]LogModuleManager: Shutting down and abandoning module LightPropagationVolumeRuntime (252)
[2019.06.06-03.48.00:805][325]LogModuleManager: Shutting down and abandoning module AISupportModule (250)
[2019.06.06-03.48.00:805][325]LogModuleManager: Shutting down and abandoning module Paper2D (248)
[2019.06.06-03.48.00:805][325]LogModuleManager: Shutting down and abandoning module WindowsMoviePlayer (246)
[2019.06.06-03.48.00:805][325]LogModuleManager: Shutting down and abandoning module WebMMoviePlayer (244)
[2019.06.06-03.48.00:805][325]LogModuleManager: Shutting down and abandoning module WmfMedia (242)
[2019.06.06-03.48.00:807][325]LogModuleManager: Shutting down and abandoning module Media (241)
[2019.06.06-03.48.00:815][325]LogModuleManager: Shutting down and abandoning module PacketHandler (238)
[2019.06.06-03.48.00:815][325]LogModuleManager: Shutting down and abandoning module ClothingSystemEditor (236)
[2019.06.06-03.48.00:815][325]LogModuleManager: Shutting down and abandoning module ClothingSystemRuntime (234)
[2019.06.06-03.48.00:815][325]LogModuleManager: Shutting down and abandoning module MediaAssets (232)
[2019.06.06-03.48.00:815][325]LogModuleManager: Shutting down and abandoning module Overlay (230)
[2019.06.06-03.48.00:815][325]LogModuleManager: Shutting down and abandoning module OverlayEditor (229)
[2019.06.06-03.48.00:815][325]LogModuleManager: Shutting down and abandoning module VREditor (226)
[2019.06.06-03.48.00:815][325]LogModuleManager: Shutting down and abandoning module StringTableEditor (224)
[2019.06.06-03.48.00:815][325]LogModuleManager: Shutting down and abandoning module GameplayTasksEditor (222)
[2019.06.06-03.48.00:815][325]LogModuleManager: Shutting down and abandoning module BehaviorTreeEditor (220)
[2019.06.06-03.48.00:815][325]LogModuleManager: Shutting down and abandoning module FunctionalTesting (218)
[2019.06.06-03.48.00:816][325]LogModuleManager: Shutting down and abandoning module CollisionAnalyzer (216)
[2019.06.06-03.48.00:816][325]LogModuleManager: Shutting down and abandoning module WorkspaceMenuStructure (215)
[2019.06.06-03.48.00:816][325]LogModuleManager: Shutting down and abandoning module UMG (212)
[2019.06.06-03.48.00:816][325]LogModuleManager: Shutting down and abandoning module UMGEditor (211)
[2019.06.06-03.48.00:816][325]LogModuleManager: Shutting down and abandoning module Sequencer (210)
[2019.06.06-03.48.00:817][325]LogModuleManager: Shutting down and abandoning module MessageLog (207)
[2019.06.06-03.48.00:817][325]LogModuleManager: Shutting down and abandoning module SlateReflector (202)
[2019.06.06-03.48.00:817][325]LogModuleManager: Shutting down and abandoning module Slate (200)
[2019.06.06-03.48.00:817][325]LogModuleManager: Shutting down and abandoning module EditorStyle (198)
[2019.06.06-03.48.00:823][325]LogModuleManager: Shutting down and abandoning module MRMesh (196)
[2019.06.06-03.48.00:823][325]LogModuleManager: Shutting down and abandoning module SourceCodeAccess (194)
[2019.06.06-03.48.00:823][325]LogModuleManager: Shutting down and abandoning module HeadMountedDisplay (192)
[2019.06.06-03.48.00:823][325]LogModuleManager: Shutting down and abandoning module XAudio2 (190)
[2019.06.06-03.48.00:823][325]LogModuleManager: Shutting down and abandoning module Networking (188)
[2019.06.06-03.48.00:823][325]LogModuleManager: Shutting down and abandoning module Core (186)
[2019.06.06-03.48.00:824][325]LogModuleManager: Shutting down and abandoning module LevelSequence (184)
[2019.06.06-03.48.00:824][325]LogModuleManager: Shutting down and abandoning module KismetCompiler (182)
[2019.06.06-03.48.00:824][325]LogModuleManager: Shutting down and abandoning module MeshUtilities (180)
[2019.06.06-03.48.00:824][325]LogModuleManager: Shutting down and abandoning module MeshMergeUtilities (179)
[2019.06.06-03.48.00:824][325]LogModuleManager: Shutting down and abandoning module MeshReductionInterface (178)
[2019.06.06-03.48.00:824][325]LogModuleManager: Shutting down and abandoning module SimplygonSwarm (177)
[2019.06.06-03.48.00:824][325]LogModuleManager: Shutting down and abandoning module ProxyLODMeshReduction (175)
[2019.06.06-03.48.00:824][325]LogModuleManager: Shutting down and abandoning module SimplygonMeshReduction (173)
[2019.06.06-03.48.00:824][325]LogModuleManager: Shutting down and abandoning module QuadricMeshReduction (171)
[2019.06.06-03.48.00:824][325]LogModuleManager: Shutting down and abandoning module MaterialBaking (167)
[2019.06.06-03.48.00:824][325]LogModuleManager: Shutting down and abandoning module DirectoryWatcher (163)
[2019.06.06-03.48.00:824][325]LogModuleManager: Shutting down and abandoning module DerivedDataCache (160)
[2019.06.06-03.48.00:858][325]LogDerivedDataCache: Shutdown
[2019.06.06-03.48.00:858][325]LogModuleManager: Shutting down and abandoning module XGEController (158)
[2019.06.06-03.48.00:859][325]LogModuleManager: Shutting down and abandoning module TargetPlatform (156)
[2019.06.06-03.48.00:859][325]LogModuleManager: Shutting down and abandoning module VulkanShaderFormat (155)
[2019.06.06-03.48.00:859][325]LogModuleManager: Shutting down and abandoning module ShaderFormatVectorVM (153)
[2019.06.06-03.48.00:859][325]LogModuleManager: Shutting down and abandoning module ShaderFormatOpenGL (151)
[2019.06.06-03.48.00:859][325]LogModuleManager: Shutting down and abandoning module ShaderFormatD3D (149)
[2019.06.06-03.48.00:859][325]LogModuleManager: Shutting down and abandoning module MetalShaderFormat (147)
[2019.06.06-03.48.00:859][325]LogModuleManager: Shutting down and abandoning module TextureFormatUncompressed (145)
[2019.06.06-03.48.00:859][325]LogModuleManager: Shutting down and abandoning module TextureFormatPVR (143)
[2019.06.06-03.48.00:859][325]LogModuleManager: Shutting down and abandoning module TextureFormatDXT (141)
[2019.06.06-03.48.00:859][325]LogModuleManager: Shutting down and abandoning module TextureFormatIntelISPCTexComp (139)
[2019.06.06-03.48.00:860][325]LogModuleManager: Shutting down and abandoning module TextureFormatASTC (137)
[2019.06.06-03.48.00:860][325]LogModuleManager: Shutting down and abandoning module ImageWrapper (136)
[2019.06.06-03.48.00:860][325]LogModuleManager: Shutting down and abandoning module TextureFormatAndroid (133)
[2019.06.06-03.48.00:860][325]LogModuleManager: Shutting down and abandoning module AudioFormatOpus (131)
[2019.06.06-03.48.00:860][325]LogModuleManager: Shutting down and abandoning module AudioFormatOgg (129)
[2019.06.06-03.48.00:860][325]LogModuleManager: Shutting down and abandoning module AudioFormatADPCM (127)
[2019.06.06-03.48.00:860][325]LogModuleManager: Shutting down and abandoning module LuminTargetPlatform (125)
[2019.06.06-03.48.00:862][325]LogModuleManager: Shutting down and abandoning module LinuxTargetPlatform (123)
[2019.06.06-03.48.00:862][325]LogModuleManager: Shutting down and abandoning module LinuxServerTargetPlatform (121)
[2019.06.06-03.48.00:862][325]LogModuleManager: Shutting down and abandoning module LinuxNoEditorTargetPlatform (119)
[2019.06.06-03.48.00:862][325]LogModuleManager: Shutting down and abandoning module LinuxClientTargetPlatform (117)
[2019.06.06-03.48.00:862][325]LogModuleManager: Shutting down and abandoning module TVOSTargetPlatform (115)
[2019.06.06-03.48.00:863][325]LogModuleManager: Shutting down and abandoning module Messaging (113)
[2019.06.06-03.48.00:863][325]LogModuleManager: Shutting down and abandoning module IOSTargetPlatform (111)
[2019.06.06-03.48.00:866][325]LogModuleManager: Shutting down and abandoning module HTML5TargetPlatform (109)
[2019.06.06-03.48.00:866][325]LogModuleManager: Shutting down and abandoning module AndroidTargetPlatform (107)
[2019.06.06-03.48.00:875][325]LogModuleManager: Shutting down and abandoning module WindowsTargetPlatform (105)
[2019.06.06-03.48.00:875][325]LogModuleManager: Shutting down and abandoning module WindowsServerTargetPlatform (103)
[2019.06.06-03.48.00:875][325]LogModuleManager: Shutting down and abandoning module WindowsNoEditorTargetPlatform (101)
[2019.06.06-03.48.00:876][325]LogModuleManager: Shutting down and abandoning module WindowsClientTargetPlatform (99)
[2019.06.06-03.48.00:876][325]LogModuleManager: Shutting down and abandoning module MacTargetPlatform (97)
[2019.06.06-03.48.00:876][325]LogModuleManager: Shutting down and abandoning module MacServerTargetPlatform (95)
[2019.06.06-03.48.00:876][325]LogModuleManager: Shutting down and abandoning module MacNoEditorTargetPlatform (93)
[2019.06.06-03.48.00:876][325]LogModuleManager: Shutting down and abandoning module MacClientTargetPlatform (91)
[2019.06.06-03.48.00:876][325]LogModuleManager: Shutting down and abandoning module AllDesktopTargetPlatform (89)
[2019.06.06-03.48.00:876][325]LogModuleManager: Shutting down and abandoning module InputCore (86)
[2019.06.06-03.48.00:876][325]LogModuleManager: Shutting down and abandoning module Settings (84)
[2019.06.06-03.48.00:876][325]LogModuleManager: Shutting down and abandoning module PhysXCooking (82)
[2019.06.06-03.48.00:876][325]LogModuleManager: Shutting down and abandoning module SteamVR (80)
[2019.06.06-03.48.00:876][325]LogHMD: Freeing OpenVRDLLHandle.
[2019.06.06-03.48.00:876][325]LogModuleManager: Shutting down and abandoning module OculusHMD (78)
[2019.06.06-03.48.00:876][325]LogModuleManager: Shutting down and abandoning module ExampleDeviceProfileSelector (76)
[2019.06.06-03.48.00:876][325]LogModuleManager: Shutting down and abandoning module LauncherChunkInstaller (74)
[2019.06.06-03.48.00:876][325]LogModuleManager: Shutting down and abandoning module OnlineBlueprintSupport (72)
[2019.06.06-03.48.00:876][325]LogModuleManager: Shutting down and abandoning module OnlineSubsystem (68)
[2019.06.06-03.48.00:878][325]LogModuleManager: Shutting down and abandoning module XMPP (63)
[2019.06.06-03.48.00:878][325]LogModuleManager: Shutting down and abandoning module WebSockets (62)
[2019.06.06-03.48.00:894][325]LogModuleManager: Shutting down and abandoning module HTTP (59)
[2019.06.06-03.48.00:895][325]LogHttp: Display: Http module shutting down, but needs to wait on 1 outstanding Http requests:
[2019.06.06-03.48.00:895][325]LogHttp: Display: 	verb=[POST] url=[https://datarouter.ol.epicgames.com/datarouter/api/v1/public/data?SessionID=%7BEBBDED91-44EE-5D78-5BCE-10AEC063FFB6%7D&AppID=UEEditor.Rocket.Release&AppVersion=4.21.2-4753647%2B%2B%2BUE4%2BRelease-4.21&UserID=bfaea44040f53df1985d67acbfa1d666%7C10ec74c605c24f0ba15a896914c1c868%7C6c0c4247-b9bb-4df6-9db3-c5d293f23fe9&AppEnvironment=datacollector-binary&UploadType=eteventstream] status=Processing
[2019.06.06-03.48.00:919][325]LogModuleManager: Shutting down and abandoning module SSL (58)
[2019.06.06-03.48.00:921][325]LogModuleManager: Shutting down and abandoning module MagicLeapIdentity (54)
[2019.06.06-03.48.00:921][325]LogModuleManager: Shutting down and abandoning module MagicLeapHelperVulkan (52)
[2019.06.06-03.48.00:921][325]LogModuleManager: Shutting down and abandoning module MagicLeapHelperOpenGL (50)
[2019.06.06-03.48.00:921][325]LogModuleManager: Shutting down and abandoning module MagicLeapSecureStorage (48)
[2019.06.06-03.48.00:921][325]LogModuleManager: Shutting down and abandoning module MagicLeapHandTracking (46)
[2019.06.06-03.48.00:921][325]LogModuleManager: Shutting down and abandoning module MagicLeapEyeTracker (44)
[2019.06.06-03.48.00:921][325]LogModuleManager: Shutting down and abandoning module MagicLeapController (42)
[2019.06.06-03.48.00:921][325]LogSlate: Slate User Destroyed.  User Index 0, Is Virtual User: 0
[2019.06.06-03.48.00:921][325]LogModuleManager: Shutting down and abandoning module MagicLeap (40)
[2019.06.06-03.48.00:922][325]LogModuleManager: Shutting down and abandoning module DatasmithContent (38)
[2019.06.06-03.48.00:929][325]LogModuleManager: Shutting down and abandoning module AnimationModifiers (36)
[2019.06.06-03.48.00:930][325]LogModuleManager: Shutting down and abandoning module PropertyEditor (35)
[2019.06.06-03.48.00:930][325]LogModuleManager: Shutting down and abandoning module AudioEditor (32)
[2019.06.06-03.48.00:930][325]LogModuleManager: Shutting down and abandoning module TextureCompressor (30)
[2019.06.06-03.48.00:931][325]LogModuleManager: Shutting down and abandoning module ShaderCore (28)
[2019.06.06-03.48.00:931][325]LogModuleManager: Shutting down and abandoning module Landscape (26)
[2019.06.06-03.48.00:931][325]LogModuleManager: Shutting down and abandoning module SlateRHIRenderer (24)
[2019.06.06-03.48.00:931][325]LogModuleManager: Shutting down and abandoning module OpenGLDrv (22)
[2019.06.06-03.48.00:931][325]LogModuleManager: Shutting down and abandoning module D3D11RHI (20)
[2019.06.06-03.48.00:931][325]LogModuleManager: Shutting down and abandoning module AnimGraphRuntime (18)
[2019.06.06-03.48.00:931][325]LogModuleManager: Shutting down and abandoning module Renderer (16)
[2019.06.06-03.48.00:931][325]LogModuleManager: Shutting down and abandoning module Engine (14)
[2019.06.06-03.48.00:931][325]LogModuleManager: Shutting down and abandoning module CoreUObject (12)
[2019.06.06-03.48.00:931][325]LogModuleManager: Shutting down and abandoning module NetworkFile (10)
[2019.06.06-03.48.00:931][325]LogModuleManager: Shutting down and abandoning module CookedIterativeFile (8)
[2019.06.06-03.48.00:932][325]LogModuleManager: Shutting down and abandoning module StreamingFile (6)
[2019.06.06-03.48.00:932][325]LogModuleManager: Shutting down and abandoning module SandboxFile (4)
[2019.06.06-03.48.00:932][325]LogModuleManager: Shutting down and abandoning module PakFile (2)
[2019.06.06-03.48.00:964][325]LogExit: Exiting.
[2019.06.06-03.48.01:031][325]Log file closed, 06/06/19 15:48:01
